TN:
SF:dashboard/server.js
FN:17,(anonymous_0)
FN:55,(anonymous_1)
FN:72,(anonymous_2)
FN:72,(anonymous_3)
FN:73,(anonymous_4)
FN:75,(anonymous_5)
FN:85,(anonymous_6)
FN:88,(anonymous_7)
FN:92,(anonymous_8)
FN:115,(anonymous_9)
FN:130,(anonymous_10)
FN:140,(anonymous_11)
FN:198,(anonymous_12)
FN:222,(anonymous_13)
FN:229,(anonymous_14)
FN:233,(anonymous_15)
FN:241,(anonymous_16)
FN:242,(anonymous_17)
FN:249,(anonymous_18)
FNF:19
FNH:8
FNDA:2,(anonymous_0)
FNDA:0,(anonymous_1)
FNDA:0,(anonymous_2)
FNDA:0,(anonymous_3)
FNDA:0,(anonymous_4)
FNDA:0,(anonymous_5)
FNDA:8,(anonymous_6)
FNDA:1,(anonymous_7)
FNDA:6,(anonymous_8)
FNDA:0,(anonymous_9)
FNDA:0,(anonymous_10)
FNDA:0,(anonymous_11)
FNDA:0,(anonymous_12)
FNDA:1,(anonymous_13)
FNDA:1,(anonymous_14)
FNDA:0,(anonymous_15)
FNDA:1,(anonymous_16)
FNDA:1,(anonymous_17)
FNDA:0,(anonymous_18)
DA:3,2
DA:4,2
DA:5,2
DA:6,2
DA:7,2
DA:8,2
DA:9,2
DA:10,2
DA:12,2
DA:13,2
DA:17,2
DA:18,2
DA:27,2
DA:28,2
DA:29,6
DA:30,6
DA:42,2
DA:55,2
DA:56,0
DA:57,0
DA:58,0
DA:59,0
DA:72,2
DA:73,0
DA:74,0
DA:75,0
DA:76,0
DA:77,0
DA:79,0
DA:85,2
DA:86,8
DA:88,8
DA:89,1
DA:92,8
DA:93,6
DA:94,6
DA:95,6
DA:96,6
DA:97,1
DA:98,1
DA:100,5
DA:103,8
DA:104,8
DA:107,8
DA:108,8
DA:109,8
DA:110,8
DA:111,8
DA:112,8
DA:115,8
DA:116,0
DA:117,0
DA:118,0
DA:119,0
DA:121,0
DA:122,0
DA:123,0
DA:125,0
DA:130,8
DA:131,0
DA:132,0
DA:133,0
DA:135,0
DA:140,8
DA:141,0
DA:146,0
DA:148,0
DA:149,0
DA:150,0
DA:152,0
DA:153,0
DA:154,0
DA:156,0
DA:157,0
DA:158,0
DA:159,0
DA:160,0
DA:161,0
DA:162,0
DA:164,0
DA:165,0
DA:166,0
DA:168,0
DA:191,0
DA:193,0
DA:198,8
DA:199,0
DA:200,0
DA:201,0
DA:211,0
DA:213,0
DA:217,8
DA:222,2
DA:223,1
DA:224,1
DA:225,1
DA:226,1
DA:227,1
DA:229,1
DA:230,1
DA:231,1
DA:232,1
DA:233,1
DA:234,0
DA:239,1
DA:241,1
DA:242,1
DA:243,1
DA:248,2
DA:249,0
DA:250,0
DA:254,2
LF:112
LH:61
BRDA:12,0,0,2
BRDA:12,0,1,2
BRDA:32,1,0,6
BRDA:32,1,1,0
BRDA:33,2,0,6
BRDA:33,2,1,0
BRDA:34,3,0,6
BRDA:34,3,1,0
BRDA:35,4,0,6
BRDA:35,4,1,0
BRDA:36,5,0,6
BRDA:36,5,1,0
BRDA:37,6,0,6
BRDA:37,6,1,0
BRDA:38,7,0,6
BRDA:38,7,1,0
BRDA:39,8,0,6
BRDA:39,8,1,0
BRDA:63,9,0,0
BRDA:63,9,1,0
BRDA:74,10,0,0
BRDA:74,10,1,0
BRDA:74,11,0,0
BRDA:74,11,1,0
BRDA:93,12,0,0
BRDA:93,12,1,6
BRDA:95,13,0,6
BRDA:95,13,1,0
BRDA:96,14,0,1
BRDA:96,14,1,5
BRDA:96,15,0,6
BRDA:96,15,1,5
BRDA:117,16,0,0
BRDA:117,16,1,0
BRDA:118,17,0,0
BRDA:118,17,1,0
BRDA:118,18,0,0
BRDA:118,18,1,0
BRDA:118,18,2,0
BRDA:144,19,0,0
BRDA:144,20,0,0
BRDA:145,21,0,0
BRDA:145,22,0,0
BRDA:149,23,0,0
BRDA:149,23,1,0
BRDA:150,24,0,0
BRDA:150,24,1,0
BRDA:156,25,0,0
BRDA:156,25,1,0
BRDA:156,26,0,0
BRDA:156,26,1,0
BRDA:157,27,0,0
BRDA:157,27,1,0
BRDA:157,28,0,0
BRDA:157,28,1,0
BRDA:158,29,0,0
BRDA:158,29,1,0
BRDA:159,30,0,0
BRDA:159,30,1,0
BRDA:160,31,0,0
BRDA:160,31,1,0
BRDA:161,32,0,0
BRDA:161,32,1,0
BRDA:162,33,0,0
BRDA:162,33,1,0
BRDA:164,34,0,0
BRDA:164,34,1,0
BRDA:200,35,0,0
BRDA:200,35,1,0
BRDA:222,36,0,0
BRDA:234,37,0,0
BRDA:234,37,1,0
BRDA:248,38,0,0
BRDA:248,38,1,2
BRF:74
BRH:17
end_of_record
TN:
SF:dashboard/api/backtest.js
FN:1,(anonymous_0)
FN:1,(anonymous_1)
FN:13,(anonymous_2)
FN:14,(anonymous_3)
FN:15,(anonymous_4)
FN:19,(anonymous_5)
FN:23,(anonymous_6)
FN:25,(anonymous_7)
FN:29,(anonymous_8)
FN:29,(anonymous_9)
FN:30,(anonymous_10)
FN:30,(anonymous_11)
FNF:12
FNH:11
FNDA:10,(anonymous_0)
FNDA:3,(anonymous_1)
FNDA:5,(anonymous_2)
FNDA:5,(anonymous_3)
FNDA:5,(anonymous_4)
FNDA:4,(anonymous_5)
FNDA:5,(anonymous_6)
FNDA:0,(anonymous_7)
FNDA:5,(anonymous_8)
FNDA:3,(anonymous_9)
FNDA:5,(anonymous_10)
FNDA:2,(anonymous_11)
DA:1,10
DA:2,3
DA:3,3
DA:4,3
DA:12,3
DA:13,5
DA:14,5
DA:15,5
DA:16,3
DA:17,3
DA:18,3
DA:19,4
DA:21,3
DA:22,3
DA:23,5
DA:24,3
DA:25,0
DA:27,3
DA:28,3
DA:29,5
DA:30,5
DA:31,3
DA:32,3
DA:44,0
DA:48,3
LF:25
LH:23
BRDA:3,0,0,1
BRDA:3,1,0,1
BRDA:3,2,0,3
BRDA:3,2,1,0
BRDA:13,3,0,5
BRDA:13,3,1,0
BRDA:17,4,0,3
BRDA:17,4,1,0
BRDA:18,5,0,2
BRDA:18,5,1,1
BRDA:22,6,0,2
BRDA:22,6,1,1
BRDA:24,7,0,0
BRDA:24,7,1,3
BRDA:28,8,0,0
BRDA:28,8,1,3
BRDA:31,9,0,2
BRDA:31,9,1,1
BRDA:31,10,0,1
BRDA:31,10,1,0
BRF:20
BRH:14
end_of_record
TN:
SF:dashboard/api/correlation.js
FN:1,(anonymous_0)
FN:1,(anonymous_1)
FNF:2
FNH:2
FNDA:8,(anonymous_0)
FNDA:1,(anonymous_1)
DA:1,8
DA:2,1
DA:3,1
DA:4,1
DA:5,1
DA:6,3
DA:7,3
DA:8,0
DA:9,0
DA:11,3
DA:12,3
DA:13,3
DA:15,1
DA:17,0
DA:21,2
LF:15
LH:12
BRDA:7,0,0,0
BRDA:7,0,1,3
BRDA:12,1,0,1
BRDA:12,1,1,2
BRF:4
BRH:3
end_of_record
TN:
SF:dashboard/api/events.js
FN:1,(anonymous_0)
FN:1,(anonymous_1)
FNF:2
FNH:1
FNDA:8,(anonymous_0)
FNDA:0,(anonymous_1)
DA:1,8
DA:2,0
DA:3,0
DA:4,0
DA:9,0
DA:11,0
DA:15,2
LF:7
LH:2
BRDA:3,0,0,0
BRDA:3,0,1,0
BRF:2
BRH:0
end_of_record
TN:
SF:dashboard/api/pnl.js
FN:1,(anonymous_0)
FN:1,(anonymous_1)
FNF:2
FNH:2
FNDA:8,(anonymous_0)
FNDA:1,(anonymous_1)
DA:1,8
DA:2,1
DA:3,1
DA:10,1
DA:12,0
DA:16,2
LF:6
LH:5
BRF:0
BRH:0
end_of_record
TN:
SF:dashboard/api/status.js
FN:1,(anonymous_0)
FN:1,(anonymous_1)
FNF:2
FNH:2
FNDA:8,(anonymous_0)
FNDA:1,(anonymous_1)
DA:1,8
DA:2,1
DA:3,1
DA:4,1
DA:5,1
DA:6,3
DA:7,3
DA:15,1
DA:19,1
DA:21,0
DA:25,2
LF:11
LH:10
BRDA:10,0,0,3
BRDA:10,0,1,0
BRDA:11,1,0,3
BRDA:11,1,1,0
BRF:4
BRH:2
end_of_record
TN:
SF:dashboard/api/trades.js
FN:1,(anonymous_0)
FN:1,(anonymous_1)
FNF:2
FNH:2
FNDA:8,(anonymous_0)
FNDA:1,(anonymous_1)
DA:1,8
DA:2,1
DA:3,1
DA:4,1
DA:9,1
DA:11,0
DA:15,2
LF:7
LH:6
BRDA:3,0,0,1
BRDA:3,0,1,1
BRF:2
BRH:2
end_of_record
TN:
SF:dashboard/public/js/dashboard.js
FN:6,initAuth
FN:15,api
FN:31,toast
FN:36,(anonymous_3)
FN:41,(anonymous_4)
FN:42,(anonymous_5)
FN:43,(anonymous_6)
FN:44,(anonymous_7)
FN:45,(anonymous_8)
FN:51,(anonymous_9)
FN:52,(anonymous_10)
FN:53,(anonymous_11)
FN:60,destroyChart
FN:62,makeChart
FN:86,connectWs
FN:88,(anonymous_15)
FN:89,(anonymous_16)
FN:90,(anonymous_17)
FN:91,(anonymous_18)
FN:105,updateHeader
FN:106,(anonymous_20)
FN:117,(anonymous_21)
FN:120,(anonymous_22)
FN:125,loadTab
FN:146,renderOverview
FN:161,(anonymous_25)
FN:165,(anonymous_26)
FN:187,(anonymous_27)
FN:201,(anonymous_28)
FN:245,renderOverviewLive
FN:246,(anonymous_30)
FN:262,(anonymous_31)
FN:276,renderTrades
FN:349,(anonymous_33)
FN:350,(anonymous_34)
FN:363,(anonymous_35)
FN:374,(anonymous_36)
FN:376,(anonymous_37)
FN:386,fetchTrades
FN:408,renderTradeStats
FN:425,renderTradeTable
FN:429,(anonymous_41)
FN:447,renderTradeEquity
FN:448,(anonymous_43)
FN:451,(anonymous_44)
FN:480,updateSortHeaders
FN:481,(anonymous_46)
FN:489,exportCsv
FN:492,(anonymous_48)
FN:492,(anonymous_49)
FN:503,renderPnl
FN:512,(anonymous_51)
FN:521,(anonymous_52)
FN:523,(anonymous_53)
FN:528,(anonymous_54)
FN:557,(anonymous_55)
FN:566,(anonymous_56)
FN:568,(anonymous_57)
FN:569,(anonymous_58)
FN:580,(anonymous_59)
FN:581,(anonymous_60)
FN:583,(anonymous_61)
FN:596,renderStatus
FN:602,updateStatusLive
FN:605,(anonymous_64)
FN:609,(anonymous_65)
FN:618,renderStatusHtml
FN:621,(anonymous_67)
FN:654,renderMarket
FN:661,(anonymous_69)
FN:662,(anonymous_70)
FN:664,(anonymous_71)
FN:674,(anonymous_72)
FN:676,(anonymous_73)
FN:682,(anonymous_74)
FN:696,(anonymous_75)
FN:729,renderCorrelation
FN:734,(anonymous_77)
FN:747,(anonymous_78)
FN:748,(anonymous_79)
FN:750,(anonymous_80)
FN:768,(anonymous_81)
FN:785,renderBacktest
FN:800,(anonymous_83)
FN:813,renderBacktestResults
FN:816,(anonymous_85)
FN:817,(anonymous_86)
FN:836,(anonymous_87)
FN:863,renderEvents
FN:874,(anonymous_89)
FN:892,renderConfig
FN:917,(anonymous_91)
FN:937,renderHealth
FN:961,(anonymous_93)
FN:989,(anonymous_94)
FN:1004,(anonymous_95)
FNF:96
FNH:0
FNDA:0,initAuth
FNDA:0,api
FNDA:0,toast
FNDA:0,(anonymous_3)
FNDA:0,(anonymous_4)
FNDA:0,(anonymous_5)
FNDA:0,(anonymous_6)
FNDA:0,(anonymous_7)
FNDA:0,(anonymous_8)
FNDA:0,(anonymous_9)
FNDA:0,(anonymous_10)
FNDA:0,(anonymous_11)
FNDA:0,destroyChart
FNDA:0,makeChart
FNDA:0,connectWs
FNDA:0,(anonymous_15)
FNDA:0,(anonymous_16)
FNDA:0,(anonymous_17)
FNDA:0,(anonymous_18)
FNDA:0,updateHeader
FNDA:0,(anonymous_20)
FNDA:0,(anonymous_21)
FNDA:0,(anonymous_22)
FNDA:0,loadTab
FNDA:0,renderOverview
FNDA:0,(anonymous_25)
FNDA:0,(anonymous_26)
FNDA:0,(anonymous_27)
FNDA:0,(anonymous_28)
FNDA:0,renderOverviewLive
FNDA:0,(anonymous_30)
FNDA:0,(anonymous_31)
FNDA:0,renderTrades
FNDA:0,(anonymous_33)
FNDA:0,(anonymous_34)
FNDA:0,(anonymous_35)
FNDA:0,(anonymous_36)
FNDA:0,(anonymous_37)
FNDA:0,fetchTrades
FNDA:0,renderTradeStats
FNDA:0,renderTradeTable
FNDA:0,(anonymous_41)
FNDA:0,renderTradeEquity
FNDA:0,(anonymous_43)
FNDA:0,(anonymous_44)
FNDA:0,updateSortHeaders
FNDA:0,(anonymous_46)
FNDA:0,exportCsv
FNDA:0,(anonymous_48)
FNDA:0,(anonymous_49)
FNDA:0,renderPnl
FNDA:0,(anonymous_51)
FNDA:0,(anonymous_52)
FNDA:0,(anonymous_53)
FNDA:0,(anonymous_54)
FNDA:0,(anonymous_55)
FNDA:0,(anonymous_56)
FNDA:0,(anonymous_57)
FNDA:0,(anonymous_58)
FNDA:0,(anonymous_59)
FNDA:0,(anonymous_60)
FNDA:0,(anonymous_61)
FNDA:0,renderStatus
FNDA:0,updateStatusLive
FNDA:0,(anonymous_64)
FNDA:0,(anonymous_65)
FNDA:0,renderStatusHtml
FNDA:0,(anonymous_67)
FNDA:0,renderMarket
FNDA:0,(anonymous_69)
FNDA:0,(anonymous_70)
FNDA:0,(anonymous_71)
FNDA:0,(anonymous_72)
FNDA:0,(anonymous_73)
FNDA:0,(anonymous_74)
FNDA:0,(anonymous_75)
FNDA:0,renderCorrelation
FNDA:0,(anonymous_77)
FNDA:0,(anonymous_78)
FNDA:0,(anonymous_79)
FNDA:0,(anonymous_80)
FNDA:0,(anonymous_81)
FNDA:0,renderBacktest
FNDA:0,(anonymous_83)
FNDA:0,renderBacktestResults
FNDA:0,(anonymous_85)
FNDA:0,(anonymous_86)
FNDA:0,(anonymous_87)
FNDA:0,renderEvents
FNDA:0,(anonymous_89)
FNDA:0,renderConfig
FNDA:0,(anonymous_91)
FNDA:0,renderHealth
FNDA:0,(anonymous_93)
FNDA:0,(anonymous_94)
FNDA:0,(anonymous_95)
DA:5,0
DA:6,0
DA:7,0
DA:8,0
DA:9,0
DA:10,0
DA:11,0
DA:16,0
DA:20,0
DA:21,0
DA:22,0
DA:23,0
DA:24,0
DA:26,0
DA:27,0
DA:32,0
DA:33,0
DA:34,0
DA:35,0
DA:36,0
DA:40,0
DA:41,0
DA:42,0
DA:43,0
DA:44,0
DA:45,0
DA:46,0
DA:47,0
DA:48,0
DA:49,0
DA:51,0
DA:52,0
DA:53,0
DA:54,0
DA:55,0
DA:59,0
DA:60,0
DA:63,0
DA:64,0
DA:65,0
DA:66,0
DA:67,0
DA:70,0
DA:80,0
DA:81,0
DA:82,0
DA:84,0
DA:87,0
DA:88,0
DA:89,0
DA:90,0
DA:91,0
DA:92,0
DA:93,0
DA:94,0
DA:95,0
DA:96,0
DA:97,0
DA:98,0
DA:99,0
DA:103,0
DA:106,0
DA:107,0
DA:108,0
DA:109,0
DA:110,0
DA:111,0
DA:112,0
DA:113,0
DA:117,0
DA:118,0
DA:119,0
DA:120,0
DA:121,0
DA:122,0
DA:126,0
DA:127,0
DA:128,0
DA:129,0
DA:130,0
DA:131,0
DA:132,0
DA:133,0
DA:134,0
DA:135,0
DA:136,0
DA:137,0
DA:139,0
DA:147,0
DA:151,0
DA:152,0
DA:153,0
DA:154,0
DA:155,0
DA:158,0
DA:159,0
DA:160,0
DA:161,0
DA:162,0
DA:163,0
DA:165,0
DA:166,0
DA:167,0
DA:168,0
DA:171,0
DA:187,0
DA:201,0
DA:219,0
DA:246,0
DA:247,0
DA:248,0
DA:249,0
DA:250,0
DA:251,0
DA:252,0
DA:254,0
DA:255,0
DA:256,0
DA:257,0
DA:258,0
DA:259,0
DA:261,0
DA:262,0
DA:263,0
DA:270,0
DA:277,0
DA:349,0
DA:350,0
DA:351,0
DA:352,0
DA:353,0
DA:355,0
DA:356,0
DA:358,0
DA:363,0
DA:364,0
DA:365,0
DA:366,0
DA:367,0
DA:368,0
DA:369,0
DA:370,0
DA:371,0
DA:374,0
DA:375,0
DA:376,0
DA:377,0
DA:378,0
DA:381,0
DA:383,0
DA:387,0
DA:388,0
DA:389,0
DA:390,0
DA:391,0
DA:392,0
DA:393,0
DA:394,0
DA:395,0
DA:396,0
DA:397,0
DA:399,0
DA:400,0
DA:401,0
DA:402,0
DA:403,0
DA:404,0
DA:405,0
DA:409,0
DA:410,0
DA:411,0
DA:412,0
DA:413,0
DA:414,0
DA:421,0
DA:422,0
DA:426,0
DA:427,0
DA:428,0
DA:429,0
DA:430,0
DA:431,0
DA:448,0
DA:449,0
DA:450,0
DA:451,0
DA:452,0
DA:453,0
DA:454,0
DA:455,0
DA:458,0
DA:481,0
DA:482,0
DA:483,0
DA:484,0
DA:490,0
DA:491,0
DA:492,0
DA:493,0
DA:494,0
DA:495,0
DA:496,0
DA:497,0
DA:504,0
DA:510,0
DA:511,0
DA:512,0
DA:513,0
DA:514,0
DA:515,0
DA:516,0
DA:517,0
DA:520,0
DA:521,0
DA:522,0
DA:523,0
DA:525,0
DA:528,0
DA:555,0
DA:557,0
DA:564,0
DA:566,0
DA:568,0
DA:569,0
DA:576,0
DA:577,0
DA:578,0
DA:580,0
DA:581,0
DA:583,0
DA:597,0
DA:598,0
DA:599,0
DA:603,0
DA:605,0
DA:606,0
DA:607,0
DA:608,0
DA:609,0
DA:610,0
DA:611,0
DA:612,0
DA:613,0
DA:614,0
DA:619,0
DA:622,0
DA:623,0
DA:624,0
DA:625,0
DA:655,0
DA:657,0
DA:658,0
DA:660,0
DA:661,0
DA:662,0
DA:664,0
DA:667,0
DA:668,0
DA:669,0
DA:670,0
DA:672,0
DA:673,0
DA:674,0
DA:676,0
DA:677,0
DA:678,0
DA:679,0
DA:680,0
DA:682,0
DA:683,0
DA:684,0
DA:685,0
DA:686,0
DA:689,0
DA:697,0
DA:698,0
DA:699,0
DA:700,0
DA:701,0
DA:702,0
DA:730,0
DA:731,0
DA:732,0
DA:734,0
DA:735,0
DA:736,0
DA:737,0
DA:738,0
DA:739,0
DA:742,0
DA:747,0
DA:748,0
DA:751,0
DA:752,0
DA:753,0
DA:754,0
DA:755,0
DA:769,0
DA:770,0
DA:771,0
DA:786,0
DA:800,0
DA:801,0
DA:802,0
DA:803,0
DA:804,0
DA:805,0
DA:806,0
DA:808,0
DA:814,0
DA:815,0
DA:816,0
DA:817,0
DA:819,0
DA:836,0
DA:845,0
DA:864,0
DA:865,0
DA:875,0
DA:876,0
DA:893,0
DA:917,0
DA:918,0
DA:919,0
DA:920,0
DA:921,0
DA:922,0
DA:923,0
DA:924,0
DA:925,0
DA:926,0
DA:928,0
DA:929,0
DA:938,0
DA:943,0
DA:944,0
DA:945,0
DA:946,0
DA:947,0
DA:948,0
DA:949,0
DA:950,0
DA:952,0
DA:961,0
DA:990,0
DA:991,0
DA:1004,0
DA:1016,0
LF:348
LH:0
BRDA:8,0,0,0
BRDA:8,0,1,0
BRDA:9,1,0,0
BRDA:9,1,1,0
BRDA:15,2,0,0
BRDA:18,3,0,0
BRDA:18,3,1,0
BRDA:20,4,0,0
BRDA:20,4,1,0
BRDA:26,5,0,0
BRDA:26,5,1,0
BRDA:31,6,0,0
BRDA:41,7,0,0
BRDA:42,8,0,0
BRDA:43,9,0,0
BRDA:43,9,1,0
BRDA:43,10,0,0
BRDA:43,10,1,0
BRDA:44,11,0,0
BRDA:44,11,1,0
BRDA:46,12,0,0
BRDA:46,12,1,0
BRDA:49,13,0,0
BRDA:49,13,1,0
BRDA:51,14,0,0
BRDA:51,14,1,0
BRDA:52,15,0,0
BRDA:52,15,1,0
BRDA:52,16,0,0
BRDA:52,16,1,0
BRDA:55,17,0,0
BRDA:55,17,1,0
BRDA:55,18,0,0
BRDA:55,18,1,0
BRDA:60,19,0,0
BRDA:60,19,1,0
BRDA:65,20,0,0
BRDA:65,20,1,0
BRDA:84,21,0,0
BRDA:84,21,1,0
BRDA:98,22,0,0
BRDA:98,22,1,0
BRDA:98,23,0,0
BRDA:98,23,1,0
BRDA:99,24,0,0
BRDA:99,24,1,0
BRDA:99,25,0,0
BRDA:99,25,1,0
BRDA:106,26,0,0
BRDA:106,26,1,0
BRDA:110,27,0,0
BRDA:110,27,1,0
BRDA:112,28,0,0
BRDA:112,28,1,0
BRDA:113,29,0,0
BRDA:113,29,1,0
BRDA:119,30,0,0
BRDA:119,30,1,0
BRDA:128,31,0,0
BRDA:128,31,1,0
BRDA:129,32,0,0
BRDA:129,32,1,0
BRDA:130,33,0,0
BRDA:130,33,1,0
BRDA:131,34,0,0
BRDA:131,34,1,0
BRDA:132,35,0,0
BRDA:132,35,1,0
BRDA:133,36,0,0
BRDA:133,36,1,0
BRDA:134,37,0,0
BRDA:134,37,1,0
BRDA:135,38,0,0
BRDA:135,38,1,0
BRDA:136,39,0,0
BRDA:136,39,1,0
BRDA:137,40,0,0
BRDA:137,40,1,0
BRDA:151,41,0,0
BRDA:151,41,1,0
BRDA:152,42,0,0
BRDA:152,42,1,0
BRDA:152,42,2,0
BRDA:155,43,0,0
BRDA:155,43,1,0
BRDA:155,44,0,0
BRDA:155,44,1,0
BRDA:161,45,0,0
BRDA:161,45,1,0
BRDA:162,46,0,0
BRDA:162,46,1,0
BRDA:163,47,0,0
BRDA:163,47,1,0
BRDA:176,48,0,0
BRDA:176,48,1,0
BRDA:176,49,0,0
BRDA:176,49,1,0
BRDA:182,50,0,0
BRDA:182,50,1,0
BRDA:187,51,0,0
BRDA:187,51,1,0
BRDA:192,52,0,0
BRDA:192,52,1,0
BRDA:192,53,0,0
BRDA:192,53,1,0
BRDA:193,54,0,0
BRDA:193,54,1,0
BRDA:193,55,0,0
BRDA:193,55,1,0
BRDA:201,56,0,0
BRDA:201,56,1,0
BRDA:202,57,0,0
BRDA:202,57,1,0
BRDA:204,58,0,0
BRDA:204,58,1,0
BRDA:206,59,0,0
BRDA:206,59,1,0
BRDA:207,60,0,0
BRDA:207,60,1,0
BRDA:247,61,0,0
BRDA:247,61,1,0
BRDA:250,62,0,0
BRDA:250,62,1,0
BRDA:251,63,0,0
BRDA:251,63,1,0
BRDA:252,64,0,0
BRDA:252,64,1,0
BRDA:254,65,0,0
BRDA:254,65,1,0
BRDA:255,66,0,0
BRDA:255,66,1,0
BRDA:256,67,0,0
BRDA:256,67,1,0
BRDA:256,68,0,0
BRDA:256,68,1,0
BRDA:257,69,0,0
BRDA:257,69,1,0
BRDA:258,70,0,0
BRDA:258,70,1,0
BRDA:259,71,0,0
BRDA:259,71,1,0
BRDA:261,72,0,0
BRDA:261,72,1,0
BRDA:261,73,0,0
BRDA:261,73,1,0
BRDA:352,74,0,0
BRDA:352,74,1,0
BRDA:353,75,0,0
BRDA:353,75,1,0
BRDA:376,76,0,0
BRDA:376,76,1,0
BRDA:376,77,0,0
BRDA:376,77,1,0
BRDA:388,78,0,0
BRDA:388,78,1,0
BRDA:389,79,0,0
BRDA:389,79,1,0
BRDA:390,80,0,0
BRDA:390,80,1,0
BRDA:391,81,0,0
BRDA:391,81,1,0
BRDA:392,82,0,0
BRDA:392,82,1,0
BRDA:393,83,0,0
BRDA:393,83,1,0
BRDA:394,84,0,0
BRDA:394,84,1,0
BRDA:400,85,0,0
BRDA:400,85,1,0
BRDA:401,86,0,0
BRDA:401,86,1,0
BRDA:409,87,0,0
BRDA:409,87,1,0
BRDA:410,88,0,0
BRDA:410,88,1,0
BRDA:411,89,0,0
BRDA:411,89,1,0
BRDA:412,90,0,0
BRDA:412,90,1,0
BRDA:413,91,0,0
BRDA:413,91,1,0
BRDA:416,92,0,0
BRDA:416,92,1,0
BRDA:417,93,0,0
BRDA:417,93,1,0
BRDA:418,94,0,0
BRDA:418,94,1,0
BRDA:422,95,0,0
BRDA:422,95,1,0
BRDA:422,96,0,0
BRDA:422,96,1,0
BRDA:427,97,0,0
BRDA:427,97,1,0
BRDA:428,98,0,0
BRDA:428,98,1,0
BRDA:430,99,0,0
BRDA:430,99,1,0
BRDA:438,100,0,0
BRDA:438,100,1,0
BRDA:439,101,0,0
BRDA:439,101,1,0
BRDA:441,102,0,0
BRDA:441,102,1,0
BRDA:442,103,0,0
BRDA:442,103,1,0
BRDA:452,104,0,0
BRDA:452,104,1,0
BRDA:453,105,0,0
BRDA:453,105,1,0
BRDA:464,106,0,0
BRDA:464,106,1,0
BRDA:465,107,0,0
BRDA:465,107,1,0
BRDA:483,108,0,0
BRDA:483,108,1,0
BRDA:484,109,0,0
BRDA:484,109,1,0
BRDA:490,110,0,0
BRDA:490,110,1,0
BRDA:492,111,0,0
BRDA:492,111,1,0
BRDA:512,112,0,0
BRDA:512,112,1,0
BRDA:513,113,0,0
BRDA:513,113,1,0
BRDA:514,114,0,0
BRDA:514,114,1,0
BRDA:515,115,0,0
BRDA:515,115,1,0
BRDA:516,116,0,0
BRDA:516,116,1,0
BRDA:517,117,0,0
BRDA:517,117,1,0
BRDA:528,118,0,0
BRDA:528,118,1,0
BRDA:531,119,0,0
BRDA:531,119,1,0
BRDA:568,120,0,0
BRDA:568,120,1,0
BRDA:569,121,0,0
BRDA:569,121,1,0
BRDA:583,122,0,0
BRDA:583,122,1,0
BRDA:583,123,0,0
BRDA:583,123,1,0
BRDA:598,124,0,0
BRDA:598,124,1,0
BRDA:603,125,0,0
BRDA:603,125,1,0
BRDA:607,126,0,0
BRDA:607,126,1,0
BRDA:610,127,0,0
BRDA:610,127,1,0
BRDA:610,128,0,0
BRDA:610,128,1,0
BRDA:611,129,0,0
BRDA:611,129,1,0
BRDA:611,130,0,0
BRDA:611,130,1,0
BRDA:612,131,0,0
BRDA:612,131,1,0
BRDA:612,132,0,0
BRDA:612,132,1,0
BRDA:613,133,0,0
BRDA:613,133,1,0
BRDA:613,134,0,0
BRDA:613,134,1,0
BRDA:614,135,0,0
BRDA:614,135,1,0
BRDA:614,136,0,0
BRDA:614,136,1,0
BRDA:614,137,0,0
BRDA:614,137,1,0
BRDA:621,138,0,0
BRDA:621,138,1,0
BRDA:624,139,0,0
BRDA:624,139,1,0
BRDA:625,140,0,0
BRDA:625,140,1,0
BRDA:627,141,0,0
BRDA:627,141,1,0
BRDA:629,142,0,0
BRDA:629,142,1,0
BRDA:630,143,0,0
BRDA:630,143,1,0
BRDA:630,144,0,0
BRDA:630,144,1,0
BRDA:632,145,0,0
BRDA:632,145,1,0
BRDA:632,145,2,0
BRDA:633,146,0,0
BRDA:633,146,1,0
BRDA:634,147,0,0
BRDA:634,147,1,0
BRDA:635,148,0,0
BRDA:635,148,1,0
BRDA:635,149,0,0
BRDA:635,149,1,0
BRDA:635,150,0,0
BRDA:635,150,1,0
BRDA:636,151,0,0
BRDA:636,151,1,0
BRDA:637,152,0,0
BRDA:637,152,1,0
BRDA:645,153,0,0
BRDA:645,153,1,0
BRDA:645,154,0,0
BRDA:645,154,1,0
BRDA:667,155,0,0
BRDA:667,155,1,0
BRDA:668,156,0,0
BRDA:668,156,1,0
BRDA:674,157,0,0
BRDA:674,157,1,0
BRDA:677,158,0,0
BRDA:677,158,1,0
BRDA:678,159,0,0
BRDA:678,159,1,0
BRDA:679,160,0,0
BRDA:679,160,1,0
BRDA:683,161,0,0
BRDA:683,161,1,0
BRDA:684,162,0,0
BRDA:684,162,1,0
BRDA:685,163,0,0
BRDA:685,163,1,0
BRDA:692,164,0,0
BRDA:692,164,1,0
BRDA:693,165,0,0
BRDA:693,165,1,0
BRDA:697,166,0,0
BRDA:697,166,1,0
BRDA:699,167,0,0
BRDA:699,167,1,0
BRDA:700,168,0,0
BRDA:700,168,1,0
BRDA:701,169,0,0
BRDA:701,169,1,0
BRDA:704,170,0,0
BRDA:704,170,1,0
BRDA:704,171,0,0
BRDA:704,171,1,0
BRDA:705,172,0,0
BRDA:705,172,1,0
BRDA:705,173,0,0
BRDA:705,173,1,0
BRDA:712,174,0,0
BRDA:712,174,1,0
BRDA:713,175,0,0
BRDA:713,175,1,0
BRDA:715,176,0,0
BRDA:715,176,1,0
BRDA:719,177,0,0
BRDA:719,177,1,0
BRDA:719,178,0,0
BRDA:719,178,1,0
BRDA:735,179,0,0
BRDA:735,179,1,0
BRDA:737,180,0,0
BRDA:737,180,1,0
BRDA:738,181,0,0
BRDA:738,181,1,0
BRDA:751,182,0,0
BRDA:751,182,1,0
BRDA:753,183,0,0
BRDA:753,183,1,0
BRDA:754,184,0,0
BRDA:754,184,1,0
BRDA:755,185,0,0
BRDA:755,185,1,0
BRDA:756,186,0,0
BRDA:756,186,1,0
BRDA:769,187,0,0
BRDA:769,187,1,0
BRDA:770,188,0,0
BRDA:770,188,1,0
BRDA:773,189,0,0
BRDA:773,189,1,0
BRDA:773,190,0,0
BRDA:773,190,1,0
BRDA:774,191,0,0
BRDA:774,191,1,0
BRDA:814,192,0,0
BRDA:814,192,1,0
BRDA:816,193,0,0
BRDA:816,193,1,0
BRDA:817,194,0,0
BRDA:817,194,1,0
BRDA:821,195,0,0
BRDA:821,195,1,0
BRDA:822,196,0,0
BRDA:822,196,1,0
BRDA:822,197,0,0
BRDA:822,197,1,0
BRDA:823,198,0,0
BRDA:823,198,1,0
BRDA:824,199,0,0
BRDA:824,199,1,0
BRDA:838,200,0,0
BRDA:838,200,1,0
BRDA:850,201,0,0
BRDA:850,201,1,0
BRDA:851,202,0,0
BRDA:851,202,1,0
BRDA:874,203,0,0
BRDA:874,203,1,0
BRDA:878,204,0,0
BRDA:878,204,1,0
BRDA:879,205,0,0
BRDA:879,205,1,0
BRDA:879,206,0,0
BRDA:879,206,1,0
BRDA:880,207,0,0
BRDA:880,207,1,0
BRDA:921,208,0,0
BRDA:921,208,1,0
BRDA:921,209,0,0
BRDA:921,209,1,0
BRDA:944,210,0,0
BRDA:944,210,1,0
BRDA:948,211,0,0
BRDA:948,211,1,0
BRDA:955,212,0,0
BRDA:955,212,1,0
BRDA:959,213,0,0
BRDA:959,213,1,0
BRDA:959,214,0,0
BRDA:959,214,1,0
BRDA:960,215,0,0
BRDA:960,215,1,0
BRDA:960,216,0,0
BRDA:960,216,1,0
BRDA:961,217,0,0
BRDA:961,217,1,0
BRDA:965,218,0,0
BRDA:965,218,1,0
BRDA:966,219,0,0
BRDA:966,219,1,0
BRDA:966,220,0,0
BRDA:966,220,1,0
BRDA:972,221,0,0
BRDA:972,221,1,0
BRDA:976,222,0,0
BRDA:976,222,1,0
BRDA:976,223,0,0
BRDA:976,223,1,0
BRDA:977,224,0,0
BRDA:977,224,1,0
BRDA:977,225,0,0
BRDA:977,225,1,0
BRDA:986,226,0,0
BRDA:986,226,1,0
BRDA:986,227,0,0
BRDA:986,227,1,0
BRDA:994,228,0,0
BRDA:994,228,1,0
BRDA:994,229,0,0
BRDA:994,229,1,0
BRDA:1004,230,0,0
BRDA:1004,230,1,0
BRDA:1005,231,0,0
BRDA:1005,231,1,0
BRDA:1005,232,0,0
BRDA:1005,232,1,0
BRDA:1007,233,0,0
BRDA:1007,233,1,0
BRDA:1007,234,0,0
BRDA:1007,234,1,0
BRDA:1008,235,0,0
BRDA:1008,235,1,0
BRF:470
BRH:0
end_of_record
TN:
SF:mcp/filesystem-server.js
FN:23,(anonymous_0)
FN:28,(anonymous_1)
FN:33,(anonymous_2)
FN:34,(anonymous_3)
FNF:4
FNH:0
FNDA:0,(anonymous_0)
FNDA:0,(anonymous_1)
FNDA:0,(anonymous_2)
FNDA:0,(anonymous_3)
DA:8,0
DA:10,0
DA:13,0
DA:23,0
DA:24,0
DA:25,0
DA:28,0
DA:29,0
DA:30,0
DA:33,0
DA:34,0
LF:11
LH:0
BRDA:10,0,0,0
BRDA:10,0,1,0
BRDA:30,1,0,0
BRDA:30,1,1,0
BRF:4
BRH:0
end_of_record
TN:
SF:mcp/http-bridge.js
FN:22,(anonymous_0)
FN:30,(anonymous_1)
FN:37,(anonymous_2)
FN:47,(anonymous_3)
FN:58,(anonymous_4)
FN:70,(anonymous_5)
FN:74,(anonymous_6)
FN:85,(anonymous_7)
FN:89,(anonymous_8)
FN:104,(anonymous_9)
FN:114,(anonymous_10)
FN:128,(anonymous_11)
FN:148,(anonymous_12)
FN:164,(anonymous_13)
FNF:14
FNH:0
FNDA:0,(anonymous_0)
FNDA:0,(anonymous_1)
FNDA:0,(anonymous_2)
FNDA:0,(anonymous_3)
FNDA:0,(anonymous_4)
FNDA:0,(anonymous_5)
FNDA:0,(anonymous_6)
FNDA:0,(anonymous_7)
FNDA:0,(anonymous_8)
FNDA:0,(anonymous_9)
FNDA:0,(anonymous_10)
FNDA:0,(anonymous_11)
FNDA:0,(anonymous_12)
FNDA:0,(anonymous_13)
DA:7,0
DA:9,0
DA:10,0
DA:11,0
DA:12,0
DA:14,0
DA:16,0
DA:17,0
DA:19,0
DA:20,0
DA:22,0
DA:23,0
DA:24,0
DA:25,0
DA:27,0
DA:30,0
DA:31,0
DA:32,0
DA:33,0
DA:34,0
DA:37,0
DA:38,0
DA:47,0
DA:48,0
DA:49,0
DA:50,0
DA:51,0
DA:52,0
DA:54,0
DA:58,0
DA:59,0
DA:60,0
DA:61,0
DA:62,0
DA:63,0
DA:64,0
DA:66,0
DA:70,0
DA:71,0
DA:72,0
DA:73,0
DA:74,0
DA:79,0
DA:81,0
DA:85,0
DA:86,0
DA:87,0
DA:88,0
DA:89,0
DA:90,0
DA:92,0
DA:98,0
DA:100,0
DA:104,0
DA:105,0
DA:106,0
DA:107,0
DA:108,0
DA:110,0
DA:114,0
DA:115,0
DA:116,0
DA:117,0
DA:118,0
DA:122,0
DA:124,0
DA:128,0
DA:129,0
DA:130,0
DA:135,0
DA:136,0
DA:137,0
DA:144,0
DA:148,0
DA:149,0
DA:150,0
DA:151,0
DA:152,0
DA:153,0
DA:154,0
DA:156,0
DA:157,0
DA:158,0
DA:160,0
DA:164,0
DA:165,0
DA:166,0
LF:87
LH:0
BRDA:7,0,0,0
BRDA:7,0,1,0
BRDA:14,1,0,0
BRDA:14,1,1,0
BRDA:16,2,0,0
BRDA:16,2,1,0
BRDA:17,3,0,0
BRDA:17,3,1,0
BRDA:24,4,0,0
BRDA:24,4,1,0
BRDA:31,5,0,0
BRDA:31,5,1,0
BRDA:32,6,0,0
BRDA:32,6,1,0
BRDA:33,7,0,0
BRDA:33,7,1,0
BRDA:49,8,0,0
BRDA:49,8,1,0
BRDA:60,9,0,0
BRDA:60,9,1,0
BRDA:72,10,0,0
BRDA:72,11,0,0
BRDA:72,11,1,0
BRDA:76,12,0,0
BRDA:76,12,1,0
BRDA:77,13,0,0
BRDA:77,13,1,0
BRDA:87,14,0,0
BRDA:87,15,0,0
BRDA:87,15,1,0
BRDA:89,16,0,0
BRDA:89,16,1,0
BRDA:116,17,0,0
BRDA:116,18,0,0
BRDA:116,18,1,0
BRDA:135,19,0,0
BRDA:135,19,1,0
BRDA:138,20,0,0
BRDA:138,20,1,0
BRDA:139,21,0,0
BRDA:139,21,1,0
BRDA:140,22,0,0
BRDA:140,22,1,0
BRDA:140,23,0,0
BRDA:140,23,1,0
BRDA:150,24,0,0
BRDA:150,24,1,0
BRDA:153,25,0,0
BRDA:153,25,1,0
BRF:49
BRH:0
end_of_record
TN:
SF:mcp/server.js
FN:10,(anonymous_0)
FN:14,(anonymous_1)
FN:23,(anonymous_2)
FN:27,(anonymous_3)
FN:36,(anonymous_4)
FN:46,(anonymous_5)
FN:59,(anonymous_6)
FN:63,(anonymous_7)
FN:64,(anonymous_8)
FN:69,(anonymous_9)
FNF:10
FNH:9
FNDA:7,(anonymous_0)
FNDA:6,(anonymous_1)
FNDA:1,(anonymous_2)
FNDA:1,(anonymous_3)
FNDA:1,(anonymous_4)
FNDA:2,(anonymous_5)
FNDA:1,(anonymous_6)
FNDA:1,(anonymous_7)
FNDA:1,(anonymous_8)
FNDA:0,(anonymous_9)
DA:1,2
DA:3,2
DA:4,2
DA:5,2
DA:6,2
DA:8,2
DA:10,2
DA:11,7
DA:12,7
DA:14,7
DA:15,6
DA:16,5
DA:17,5
DA:18,1
DA:20,4
DA:23,7
DA:24,1
DA:27,7
DA:28,1
DA:29,1
DA:30,1
DA:32,0
DA:36,7
DA:37,1
DA:38,1
DA:39,1
DA:40,1
DA:42,0
DA:46,7
DA:47,2
DA:48,2
DA:49,2
DA:50,1
DA:52,0
DA:56,7
DA:59,2
DA:60,1
DA:61,1
DA:62,1
DA:63,1
DA:64,1
DA:68,2
DA:69,0
DA:70,0
DA:74,2
LF:45
LH:40
BRDA:1,0,0,2
BRDA:1,0,1,2
BRDA:8,1,0,2
BRDA:8,1,1,2
BRDA:15,2,0,1
BRDA:15,2,1,5
BRDA:16,3,0,5
BRDA:16,3,1,1
BRDA:17,4,0,1
BRDA:17,4,1,4
BRDA:29,5,0,1
BRDA:29,5,1,0
BRDA:38,6,0,1
BRDA:38,6,1,0
BRDA:39,7,0,0
BRDA:39,7,1,1
BRDA:48,8,0,2
BRDA:48,8,1,0
BRDA:49,9,0,1
BRDA:49,9,1,1
BRDA:59,10,0,0
BRDA:68,11,0,0
BRDA:68,11,1,2
BRF:23
BRH:17
end_of_record
TN:
SF:mcp/lib/sqlGuard.js
FN:6,validateSelectOnly
FN:13,(anonymous_1)
FN:18,(anonymous_2)
FN:27,validateConfigParam
FNF:4
FNH:4
FNDA:7,validateSelectOnly
FNDA:7,(anonymous_1)
FNDA:21,(anonymous_2)
FNDA:6,validateConfigParam
DA:4,2
DA:7,7
DA:8,7
DA:9,2
DA:12,5
DA:13,7
DA:14,5
DA:15,2
DA:18,21
DA:19,0
DA:22,3
DA:25,2
DA:28,6
DA:29,3
DA:31,3
DA:34,2
LF:16
LH:15
BRDA:8,0,0,2
BRDA:8,0,1,5
BRDA:14,1,0,2
BRDA:14,1,1,3
BRDA:18,2,0,0
BRDA:18,2,1,3
BRDA:28,3,0,3
BRDA:28,3,1,3
BRF:8
BRH:7
end_of_record
TN:
SF:mcp/lib/tools.js
FN:9,getPnl
FN:34,runQuery
FN:45,setConfig
FNF:3
FNH:3
FNDA:2,getPnl
FNDA:3,runQuery
FNDA:4,setConfig
DA:1,2
DA:3,2
DA:10,2
DA:11,2
DA:12,2
DA:13,2
DA:14,2
DA:15,2
DA:17,2
DA:31,2
DA:35,3
DA:36,3
DA:37,2
DA:38,2
DA:42,2
DA:46,4
DA:47,4
DA:48,2
DA:49,2
DA:53,2
DA:56,2
LF:21
LH:21
BRDA:9,0,0,1
BRDA:10,1,0,2
BRDA:10,1,1,0
BRDA:13,2,0,2
BRDA:13,2,1,0
BRDA:36,3,0,1
BRDA:36,3,1,2
BRDA:47,4,0,2
BRDA:47,4,1,2
BRF:9
BRH:7
end_of_record
TN:
SF:src/atr.js
FN:7,(anonymous_0)
FN:8,(anonymous_1)
FN:15,(anonymous_2)
FN:29,(anonymous_3)
FN:32,(anonymous_4)
FNF:5
FNH:5
FNDA:2,(anonymous_0)
FNDA:30,(anonymous_1)
FNDA:2,(anonymous_2)
FNDA:28,(anonymous_3)
FNDA:2,(anonymous_4)
DA:3,1
DA:4,1
DA:5,1
DA:7,1
DA:8,30
DA:15,1
DA:16,2
DA:17,2
DA:18,28
DA:19,28
DA:20,28
DA:25,28
DA:27,2
DA:28,2
DA:29,28
DA:32,1
DA:33,2
DA:34,2
DA:35,2
DA:36,1
DA:39,1
DA:43,1
DA:44,1
DA:45,1
DA:46,1
DA:49,1
LF:26
LH:26
BRDA:28,0,0,0
BRDA:28,0,1,2
BRDA:35,1,0,1
BRDA:35,1,1,1
BRF:4
BRH:3
end_of_record
TN:
SF:src/bot.js
FN:31,(anonymous_0)
FN:37,(anonymous_1)
FN:39,(anonymous_2)
FN:46,(anonymous_3)
FN:46,(anonymous_4)
FN:48,(anonymous_5)
FN:55,(anonymous_6)
FN:68,(anonymous_7)
FN:157,(anonymous_8)
FN:176,(anonymous_9)
FN:177,(anonymous_10)
FN:178,(anonymous_11)
FN:179,(anonymous_12)
FN:189,(anonymous_13)
FN:224,(anonymous_14)
FNF:15
FNH:9
FNDA:3,(anonymous_0)
FNDA:1,(anonymous_1)
FNDA:2,(anonymous_2)
FNDA:5,(anonymous_3)
FNDA:5,(anonymous_4)
FNDA:2,(anonymous_5)
FNDA:1,(anonymous_6)
FNDA:9,(anonymous_7)
FNDA:1,(anonymous_8)
FNDA:0,(anonymous_9)
FNDA:0,(anonymous_10)
FNDA:0,(anonymous_11)
FNDA:0,(anonymous_12)
FNDA:0,(anonymous_13)
FNDA:0,(anonymous_14)
DA:5,1
DA:6,1
DA:7,1
DA:8,1
DA:10,1
DA:11,1
DA:12,1
DA:13,1
DA:14,1
DA:15,1
DA:16,1
DA:17,1
DA:18,1
DA:20,1
DA:29,1
DA:31,1
DA:32,3
DA:33,33
DA:37,1
DA:40,2
DA:46,5
DA:48,1
DA:49,2
DA:52,2
DA:55,1
DA:56,1
DA:57,1
DA:58,1
DA:59,1
DA:60,1
DA:61,1
DA:62,1
DA:64,0
DA:68,1
DA:72,9
DA:73,9
DA:75,9
DA:76,1
DA:77,1
DA:79,8
DA:80,1
DA:81,1
DA:84,7
DA:86,7
DA:87,7
DA:88,2
DA:89,2
DA:90,2
DA:93,5
DA:94,5
DA:95,5
DA:96,5
DA:98,5
DA:99,5
DA:101,5
DA:103,5
DA:104,5
DA:105,5
DA:107,5
DA:108,5
DA:109,1
DA:110,1
DA:111,1
DA:112,1
DA:115,4
DA:118,4
DA:120,4
DA:124,4
DA:130,4
DA:132,4
DA:133,4
DA:134,4
DA:135,4
DA:137,4
DA:146,4
DA:148,4
DA:149,1
DA:151,3
DA:154,4
DA:157,1
DA:158,1
DA:159,0
DA:161,1
DA:163,1
DA:164,1
DA:165,1
DA:166,1
DA:167,1
DA:168,1
DA:169,1
DA:171,1
DA:172,1
DA:173,1
DA:174,1
DA:176,1
DA:177,0
DA:178,1
DA:179,1
DA:181,1
DA:182,1
DA:184,1
DA:185,1
DA:187,1
DA:188,1
DA:189,1
DA:190,0
DA:191,0
DA:192,0
DA:193,0
DA:196,1
DA:204,1
DA:205,1
DA:206,1
DA:207,1
DA:208,1
DA:209,1
DA:210,1
DA:213,0
DA:214,0
DA:215,0
DA:217,0
DA:218,0
DA:223,1
DA:224,0
DA:225,0
DA:226,0
DA:230,1
LF:127
LH:112
BRDA:33,0,0,1
BRDA:33,0,1,32
BRDA:38,1,0,1
BRDA:38,1,1,0
BRDA:49,2,0,2
BRDA:49,2,1,0
BRDA:75,3,0,1
BRDA:75,3,1,8
BRDA:76,4,0,1
BRDA:76,4,1,0
BRDA:79,5,0,1
BRDA:79,5,1,7
BRDA:80,6,0,1
BRDA:80,6,1,0
BRDA:87,7,0,2
BRDA:87,7,1,5
BRDA:89,8,0,2
BRDA:89,8,1,0
BRDA:108,9,0,1
BRDA:108,9,1,4
BRDA:108,10,0,5
BRDA:108,10,1,5
BRDA:111,11,0,1
BRDA:111,11,1,0
BRDA:120,12,0,3
BRDA:120,12,1,1
BRDA:139,13,0,4
BRDA:139,13,1,0
BRDA:142,14,0,4
BRDA:142,14,1,0
BRDA:148,15,0,1
BRDA:148,15,1,3
BRDA:157,16,0,0
BRDA:158,17,0,0
BRDA:158,17,1,1
BRDA:159,18,0,0
BRDA:159,18,1,0
BRDA:167,19,0,1
BRDA:167,19,1,1
BRDA:168,20,0,1
BRDA:168,20,1,1
BRDA:192,21,0,0
BRDA:192,21,1,0
BRDA:193,22,0,0
BRDA:193,22,1,0
BRDA:204,23,0,1
BRDA:204,23,1,0
BRDA:223,24,0,0
BRDA:223,24,1,1
BRF:49
BRH:31
end_of_record
TN:
SF:src/correlation.js
FN:21,(anonymous_0)
FN:28,(anonymous_1)
FN:29,(anonymous_2)
FN:30,(anonymous_3)
FN:31,(anonymous_4)
FN:32,(anonymous_5)
FN:38,(anonymous_6)
FNF:7
FNH:7
FNDA:7,(anonymous_0)
FNDA:78,(anonymous_1)
FNDA:78,(anonymous_2)
FNDA:78,(anonymous_3)
FNDA:78,(anonymous_4)
FNDA:78,(anonymous_5)
FNDA:2,(anonymous_6)
DA:3,2
DA:5,2
DA:11,2
DA:15,2
DA:21,2
DA:22,7
DA:23,7
DA:24,7
DA:26,6
DA:27,6
DA:28,78
DA:29,78
DA:30,78
DA:31,78
DA:32,78
DA:34,6
DA:35,6
DA:38,2
DA:39,2
DA:40,2
DA:41,2
DA:42,2
DA:43,2
DA:44,2
DA:45,1
DA:48,1
DA:52,1
DA:55,2
LF:28
LH:28
BRDA:6,0,0,2
BRDA:6,0,1,0
BRDA:12,1,0,2
BRDA:12,1,1,2
BRDA:21,2,0,0
BRDA:24,3,0,1
BRDA:24,3,1,6
BRDA:24,4,0,7
BRDA:24,4,1,6
BRDA:34,5,0,0
BRDA:34,5,1,6
BRDA:34,6,0,6
BRDA:34,6,1,6
BRDA:39,7,0,2
BRDA:39,7,1,0
BRDA:41,8,0,0
BRDA:41,8,1,2
BRDA:42,9,0,2
BRDA:42,9,1,0
BRDA:44,10,0,1
BRDA:44,10,1,1
BRF:21
BRH:15
end_of_record
TN:
SF:src/health.js
FN:17,(anonymous_0)
FN:21,(anonymous_1)
FN:25,(anonymous_2)
FN:32,(anonymous_3)
FN:47,(anonymous_4)
FN:66,(anonymous_5)
FN:68,(anonymous_6)
FN:71,(anonymous_7)
FN:79,(anonymous_8)
FN:82,(anonymous_9)
FN:109,(anonymous_10)
FN:111,(anonymous_11)
FN:112,(anonymous_12)
FN:116,(anonymous_13)
FN:118,(anonymous_14)
FNF:15
FNH:13
FNDA:6,(anonymous_0)
FNDA:7,(anonymous_1)
FNDA:6,(anonymous_2)
FNDA:1,(anonymous_3)
FNDA:1,(anonymous_4)
FNDA:0,(anonymous_5)
FNDA:0,(anonymous_6)
FNDA:2,(anonymous_7)
FNDA:1,(anonymous_8)
FNDA:2,(anonymous_9)
FNDA:1,(anonymous_10)
FNDA:1,(anonymous_11)
FNDA:1,(anonymous_12)
FNDA:1,(anonymous_13)
FNDA:1,(anonymous_14)
DA:3,1
DA:4,1
DA:5,1
DA:7,1
DA:13,1
DA:14,1
DA:15,1
DA:17,1
DA:18,6
DA:21,1
DA:22,7
DA:23,7
DA:25,7
DA:26,6
DA:27,6
DA:28,6
DA:29,6
DA:32,7
DA:33,1
DA:34,1
DA:38,1
DA:47,7
DA:48,1
DA:49,1
DA:50,1
DA:51,1
DA:52,1
DA:53,1
DA:54,1
DA:55,1
DA:66,7
DA:67,0
DA:68,0
DA:71,7
DA:72,2
DA:73,2
DA:74,1
DA:75,1
DA:77,1
DA:78,1
DA:79,1
DA:82,7
DA:83,2
DA:84,2
DA:85,0
DA:88,2
DA:89,2
DA:91,2
DA:92,1
DA:93,1
DA:94,1
DA:95,1
DA:96,1
DA:97,1
DA:100,1
DA:101,1
DA:102,1
DA:103,1
DA:106,7
DA:109,1
DA:110,1
DA:111,1
DA:112,1
DA:116,1
DA:117,1
DA:118,1
DA:119,1
DA:123,1
LF:68
LH:65
BRDA:8,0,0,1
BRDA:8,0,1,0
BRDA:33,1,0,1
BRDA:33,1,1,0
BRDA:42,2,0,1
BRDA:42,2,1,1
BRDA:48,3,0,1
BRDA:48,3,1,0
BRDA:51,4,0,1
BRDA:51,4,1,0
BRDA:52,5,0,0
BRDA:52,5,1,1
BRDA:54,6,0,1
BRDA:54,6,1,0
BRDA:62,7,0,1
BRDA:62,7,1,0
BRDA:73,8,0,1
BRDA:73,8,1,1
BRDA:84,9,0,0
BRDA:84,9,1,2
BRDA:89,10,0,2
BRDA:89,10,1,0
BRDA:91,11,0,1
BRDA:91,11,1,1
BRDA:117,12,0,1
BRDA:117,12,1,0
BRF:26
BRH:16
end_of_record
TN:
SF:src/journal.js
FN:15,(anonymous_0)
FN:23,(anonymous_1)
FN:30,(anonymous_2)
FN:43,(anonymous_3)
FN:50,(anonymous_4)
FN:72,(anonymous_5)
FN:85,(anonymous_6)
FN:99,(anonymous_7)
FN:108,(anonymous_8)
FN:121,(anonymous_9)
FN:125,(anonymous_10)
FN:129,(anonymous_11)
FNF:12
FNH:12
FNDA:3,(anonymous_0)
FNDA:1,(anonymous_1)
FNDA:1,(anonymous_2)
FNDA:1,(anonymous_3)
FNDA:2,(anonymous_4)
FNDA:1,(anonymous_5)
FNDA:1,(anonymous_6)
FNDA:1,(anonymous_7)
FNDA:1,(anonymous_8)
FNDA:1,(anonymous_9)
FNDA:1,(anonymous_10)
FNDA:1,(anonymous_11)
DA:3,3
DA:4,3
DA:5,3
DA:7,3
DA:13,3
DA:15,3
DA:16,3
DA:17,0
DA:18,0
DA:20,0
DA:23,3
DA:24,1
DA:30,3
DA:31,1
DA:39,1
DA:40,1
DA:43,3
DA:44,1
DA:50,3
DA:51,2
DA:66,2
DA:67,2
DA:68,1
DA:72,3
DA:73,1
DA:74,1
DA:75,0
DA:76,0
DA:78,1
DA:85,3
DA:86,1
DA:87,1
DA:88,1
DA:92,1
DA:99,3
DA:100,1
DA:101,1
DA:102,1
DA:108,3
DA:109,1
DA:118,1
DA:121,3
DA:122,1
DA:125,3
DA:126,1
DA:129,3
DA:130,1
DA:136,1
DA:137,1
DA:138,1
DA:139,4
DA:140,4
DA:141,2
DA:143,1
DA:144,1
DA:147,3
LF:56
LH:51
BRDA:8,0,0,3
BRDA:8,0,1,0
BRDA:16,1,0,3
BRDA:16,1,1,0
BRDA:17,2,0,0
BRDA:17,2,1,0
BRDA:17,3,0,0
BRDA:17,3,1,0
BRDA:23,4,0,0
BRDA:67,5,0,1
BRDA:67,5,1,1
BRDA:72,6,0,0
BRDA:74,7,0,0
BRDA:74,7,1,1
BRDA:85,8,0,0
BRDA:87,9,0,0
BRDA:87,9,1,1
BRDA:99,10,0,0
BRDA:101,11,0,0
BRDA:101,11,1,1
BRDA:122,12,0,1
BRDA:122,12,1,0
BRDA:126,13,0,1
BRDA:126,13,1,0
BRDA:129,14,0,1
BRDA:140,15,0,2
BRDA:140,15,1,2
BRDA:143,16,0,0
BRDA:143,16,1,1
BRDA:143,17,0,0
BRDA:143,17,1,0
BRF:31
BRH:13
end_of_record
TN:
SF:src/kelly.js
FN:9,(anonymous_0)
FN:24,(anonymous_1)
FN:39,(anonymous_2)
FNF:3
FNH:3
FNDA:4,(anonymous_0)
FNDA:2,(anonymous_1)
FNDA:100,(anonymous_2)
DA:9,1
DA:10,4
DA:11,4
DA:12,4
DA:24,1
DA:25,2
DA:26,2
DA:28,2
DA:29,1
DA:32,1
DA:39,100
DA:40,1
DA:41,1
DA:42,1
DA:45,1
LF:15
LH:15
BRDA:26,0,0,2
BRDA:26,0,1,0
BRDA:28,1,0,1
BRDA:28,1,1,1
BRF:4
BRH:3
end_of_record
TN:
SF:src/monitor.js
FN:14,(anonymous_0)
FN:14,(anonymous_1)
FN:20,(anonymous_2)
FN:26,(anonymous_3)
FN:32,(anonymous_4)
FN:58,(anonymous_5)
FN:75,(anonymous_6)
FN:80,(anonymous_7)
FN:89,(anonymous_8)
FN:99,(anonymous_9)
FN:107,(anonymous_10)
FN:110,(anonymous_11)
FN:110,(anonymous_12)
FN:114,(anonymous_13)
FN:122,(anonymous_14)
FN:127,(anonymous_15)
FN:140,(anonymous_16)
FN:146,(anonymous_17)
FN:152,(anonymous_18)
FN:153,(anonymous_19)
FN:163,(anonymous_20)
FN:169,(anonymous_21)
FN:176,(anonymous_22)
FN:186,(anonymous_23)
FNF:24
FNH:16
FNDA:4,(anonymous_0)
FNDA:4,(anonymous_1)
FNDA:2,(anonymous_2)
FNDA:6,(anonymous_3)
FNDA:3,(anonymous_4)
FNDA:2,(anonymous_5)
FNDA:1,(anonymous_6)
FNDA:2,(anonymous_7)
FNDA:2,(anonymous_8)
FNDA:0,(anonymous_9)
FNDA:6,(anonymous_10)
FNDA:6,(anonymous_11)
FNDA:6,(anonymous_12)
FNDA:1,(anonymous_13)
FNDA:6,(anonymous_14)
FNDA:0,(anonymous_15)
FNDA:0,(anonymous_16)
FNDA:2,(anonymous_17)
FNDA:0,(anonymous_18)
FNDA:0,(anonymous_19)
FNDA:0,(anonymous_20)
FNDA:0,(anonymous_21)
FNDA:0,(anonymous_22)
FNDA:2,(anonymous_23)
DA:3,1
DA:4,1
DA:5,1
DA:6,1
DA:8,1
DA:14,4
DA:16,1
DA:17,1
DA:18,1
DA:20,1
DA:21,2
DA:26,1
DA:27,6
DA:32,1
DA:35,3
DA:36,3
DA:38,3
DA:39,1
DA:42,1
DA:45,2
DA:46,2
DA:47,2
DA:49,2
DA:58,1
DA:59,2
DA:60,2
DA:61,2
DA:63,2
DA:64,5
DA:65,5
DA:66,1
DA:67,1
DA:69,4
DA:72,1
DA:75,1
DA:76,1
DA:77,1
DA:80,1
DA:81,2
DA:82,2
DA:83,1
DA:84,1
DA:85,1
DA:89,1
DA:90,2
DA:91,2
DA:96,2
DA:99,1
DA:100,0
DA:101,0
DA:107,1
DA:108,6
DA:110,6
DA:111,6
DA:112,6
DA:114,6
DA:115,1
DA:116,1
DA:118,1
DA:122,6
DA:123,6
DA:124,6
DA:127,6
DA:128,0
DA:129,0
DA:130,0
DA:131,0
DA:133,0
DA:134,0
DA:135,0
DA:136,0
DA:137,0
DA:140,6
DA:143,6
DA:146,1
DA:147,2
DA:149,2
DA:150,2
DA:152,2
DA:153,0
DA:154,0
DA:158,0
DA:161,2
DA:163,0
DA:167,2
DA:169,0
DA:173,2
DA:174,2
DA:177,0
DA:178,0
DA:186,1
DA:187,2
DA:188,2
DA:189,2
DA:191,2
DA:192,6
DA:194,2
DA:195,2
DA:198,1
LF:99
LH:81
BRDA:9,0,0,1
BRDA:9,0,1,0
BRDA:21,1,0,0
BRDA:21,1,1,2
BRDA:27,2,0,0
BRDA:27,2,1,6
BRDA:38,3,0,1
BRDA:38,3,1,2
BRDA:38,4,0,3
BRDA:38,4,1,3
BRDA:38,4,2,2
BRDA:45,5,0,2
BRDA:45,5,1,0
BRDA:45,6,0,2
BRDA:45,6,1,2
BRDA:45,6,2,2
BRDA:46,7,0,2
BRDA:46,7,1,0
BRDA:47,8,0,1
BRDA:47,8,1,1
BRDA:58,9,0,0
BRDA:65,10,0,1
BRDA:65,10,1,4
BRDA:82,11,0,1
BRDA:82,11,1,1
BRDA:107,12,0,6
BRDA:128,13,0,0
BRDA:128,13,1,0
BRDA:149,14,0,2
BRDA:149,14,1,0
BRDA:173,15,0,2
BRDA:173,15,1,0
BRDA:177,16,0,0
BRDA:177,16,1,0
BRDA:187,17,0,2
BRDA:187,17,1,0
BRDA:192,18,0,0
BRDA:192,18,1,6
BRF:38
BRH:24
end_of_record
TN:
SF:src/notify.js
FN:3,(anonymous_0)
FN:11,(anonymous_1)
FNF:2
FNH:0
FNDA:0,(anonymous_0)
FNDA:0,(anonymous_1)
DA:3,2
DA:4,0
DA:5,0
DA:8,0
DA:11,2
DA:12,0
DA:13,0
DA:15,0
DA:16,0
DA:19,2
LF:10
LH:3
BRDA:4,0,0,0
BRDA:4,0,1,0
BRDA:4,1,0,0
BRDA:4,1,1,0
BRDA:12,2,0,0
BRDA:12,2,1,0
BRF:6
BRH:0
end_of_record
TN:
SF:src/order.js
FN:14,(anonymous_0)
FN:14,(anonymous_1)
FN:16,(anonymous_2)
FN:21,(anonymous_3)
FN:27,(anonymous_4)
FN:32,(anonymous_5)
FN:38,(anonymous_6)
FN:53,(anonymous_7)
FN:58,(anonymous_8)
FN:59,(anonymous_9)
FN:60,(anonymous_10)
FN:69,(anonymous_11)
FN:85,(anonymous_12)
FN:91,(anonymous_13)
FN:98,(anonymous_14)
FN:110,(anonymous_15)
FN:121,(anonymous_16)
FN:133,(anonymous_17)
FN:190,(anonymous_18)
FN:213,(anonymous_19)
FNF:20
FNH:20
FNDA:1,(anonymous_0)
FNDA:1,(anonymous_1)
FNDA:33,(anonymous_2)
FNDA:6,(anonymous_3)
FNDA:13,(anonymous_4)
FNDA:3,(anonymous_5)
FNDA:14,(anonymous_6)
FNDA:1,(anonymous_7)
FNDA:1,(anonymous_8)
FNDA:1,(anonymous_9)
FNDA:2,(anonymous_10)
FNDA:4,(anonymous_11)
FNDA:4,(anonymous_12)
FNDA:1,(anonymous_13)
FNDA:2,(anonymous_14)
FNDA:1,(anonymous_15)
FNDA:2,(anonymous_16)
FNDA:3,(anonymous_17)
FNDA:3,(anonymous_18)
FNDA:1,(anonymous_19)
DA:3,1
DA:4,1
DA:5,1
DA:6,1
DA:8,1
DA:14,1
DA:16,1
DA:17,33
DA:18,33
DA:21,1
DA:22,6
DA:23,6
DA:24,6
DA:27,1
DA:28,13
DA:29,13
DA:32,1
DA:33,3
DA:38,1
DA:39,14
DA:41,1
DA:42,1
DA:43,1
DA:44,1
DA:45,1
DA:46,1
DA:47,1
DA:50,1
DA:53,1
DA:54,1
DA:55,1
DA:58,1
DA:59,1
DA:60,2
DA:61,1
DA:62,1
DA:69,1
DA:70,4
DA:71,4
DA:72,4
DA:74,4
DA:75,3
DA:76,3
DA:77,2
DA:78,2
DA:80,1
DA:82,2
DA:85,1
DA:86,4
DA:91,1
DA:92,1
DA:93,1
DA:94,2
DA:98,1
DA:99,2
DA:100,1
DA:102,1
DA:103,1
DA:107,1
DA:110,1
DA:111,1
DA:112,1
DA:113,1
DA:121,1
DA:122,2
DA:123,2
DA:124,2
DA:125,1
DA:126,1
DA:127,1
DA:128,1
DA:130,1
DA:133,1
DA:134,3
DA:135,1
DA:136,1
DA:137,1
DA:140,2
DA:141,2
DA:143,2
DA:152,2
DA:153,2
DA:155,2
DA:156,1
DA:157,1
DA:159,1
DA:166,1
DA:167,1
DA:168,1
DA:170,1
DA:180,1
DA:190,1
DA:191,3
DA:192,3
DA:194,3
DA:210,3
DA:213,1
DA:214,1
DA:215,1
DA:216,1
DA:217,1
DA:218,1
DA:220,1
DA:232,1
LF:104
LH:104
BRDA:9,0,0,1
BRDA:9,0,1,0
BRDA:18,1,0,33
BRDA:18,1,1,0
BRDA:33,2,0,2
BRDA:33,2,1,1
BRDA:39,3,0,13
BRDA:39,3,1,1
BRDA:54,4,0,1
BRDA:54,4,1,0
BRDA:61,5,0,1
BRDA:61,5,1,0
BRDA:76,6,0,2
BRDA:76,6,1,1
BRDA:99,7,0,1
BRDA:99,7,1,1
BRDA:100,8,0,1
BRDA:100,8,1,0
BRDA:111,9,0,1
BRDA:111,9,1,0
BRDA:123,10,0,2
BRDA:123,10,1,0
BRDA:124,11,0,1
BRDA:124,11,1,1
BRDA:134,12,0,1
BRDA:134,12,1,2
BRDA:152,13,0,2
BRDA:152,13,1,1
BRDA:155,14,0,1
BRDA:155,14,1,1
BRDA:168,15,0,0
BRDA:168,15,1,1
BRF:32
BRH:24
end_of_record
TN:
SF:src/protection.js
FN:13,(anonymous_0)
FN:17,(anonymous_1)
FN:21,(anonymous_2)
FN:28,(anonymous_3)
FN:58,(anonymous_4)
FNF:5
FNH:5
FNDA:1,(anonymous_0)
FNDA:1,(anonymous_1)
FNDA:1,(anonymous_2)
FNDA:3,(anonymous_3)
FNDA:1,(anonymous_4)
DA:3,1
DA:4,1
DA:5,1
DA:7,1
DA:13,1
DA:14,1
DA:17,1
DA:18,1
DA:21,1
DA:22,1
DA:23,1
DA:24,1
DA:25,1
DA:28,1
DA:29,3
DA:31,3
DA:32,3
DA:33,1
DA:34,1
DA:35,1
DA:38,3
DA:39,3
DA:40,3
DA:41,1
DA:42,1
DA:43,1
DA:46,3
DA:47,3
DA:48,3
DA:49,9
DA:51,3
DA:52,1
DA:53,1
DA:54,1
DA:58,1
DA:59,1
DA:60,1
DA:62,1
DA:63,1
DA:65,1
DA:66,1
DA:67,1
DA:68,1
DA:69,1
DA:70,1
DA:71,1
DA:72,1
DA:76,1
LF:48
LH:48
BRDA:8,0,0,1
BRDA:8,0,1,0
BRDA:32,1,0,1
BRDA:32,1,1,2
BRDA:32,2,0,3
BRDA:32,2,1,0
BRDA:39,3,0,3
BRDA:39,3,1,0
BRDA:40,4,0,1
BRDA:40,4,1,2
BRDA:51,5,0,1
BRDA:51,5,1,2
BRDA:60,6,0,0
BRDA:60,6,1,1
BRDA:62,7,0,1
BRDA:62,7,1,0
BRDA:65,8,0,1
BRDA:65,8,1,0
BRF:18
BRH:12
end_of_record
TN:
SF:src/regime.js
FN:12,(anonymous_0)
FN:23,(anonymous_1)
FN:48,(anonymous_2)
FNF:3
FNH:3
FNDA:7,(anonymous_0)
FNDA:4,(anonymous_1)
FNDA:3,(anonymous_2)
DA:3,1
DA:4,1
DA:6,1
DA:12,1
DA:13,7
DA:14,7
DA:15,7
DA:16,7
DA:17,7
DA:18,73
DA:20,7
DA:23,1
DA:24,4
DA:25,4
DA:27,3
DA:28,3
DA:29,3
DA:30,3
DA:32,3
DA:33,3
DA:34,3
DA:35,0
DA:36,0
DA:37,0
DA:40,3
DA:41,3
DA:42,3
DA:43,2
DA:44,1
DA:45,0
DA:48,1
DA:49,3
DA:51,3
DA:52,1
DA:53,1
DA:54,1
DA:57,2
DA:58,2
DA:59,1
DA:60,1
DA:63,1
DA:64,1
DA:65,1
DA:67,1
DA:68,1
DA:72,1
DA:73,0
DA:76,1
DA:79,1
LF:49
LH:44
BRDA:7,0,0,1
BRDA:7,0,1,0
BRDA:13,1,0,0
BRDA:13,1,1,7
BRDA:25,2,0,1
BRDA:25,2,1,3
BRDA:30,3,0,0
BRDA:30,3,1,3
BRDA:30,4,0,3
BRDA:30,4,1,3
BRDA:33,5,0,3
BRDA:33,5,1,0
BRDA:34,6,0,0
BRDA:34,6,1,3
BRDA:34,7,0,3
BRDA:34,7,1,0
BRDA:41,8,0,3
BRDA:41,8,1,0
BRDA:42,9,0,1
BRDA:42,9,1,2
BRDA:42,10,0,3
BRDA:42,10,1,3
BRDA:43,11,0,1
BRDA:43,11,1,1
BRDA:44,12,0,1
BRDA:44,12,1,0
BRDA:51,13,0,1
BRDA:51,13,1,2
BRDA:58,14,0,1
BRDA:58,14,1,1
BRDA:67,15,0,1
BRDA:67,15,1,0
BRDA:72,16,0,0
BRDA:72,16,1,1
BRF:34
BRH:24
end_of_record
TN:
SF:src/signal.js
FN:15,(anonymous_0)
FN:26,(anonymous_1)
FN:38,(anonymous_2)
FN:45,(anonymous_3)
FN:51,(anonymous_4)
FNF:5
FNH:5
FNDA:2,(anonymous_0)
FNDA:9,(anonymous_1)
FNDA:3,(anonymous_2)
FNDA:8,(anonymous_3)
FNDA:9,(anonymous_4)
DA:3,1
DA:4,1
DA:5,1
DA:6,1
DA:7,1
DA:9,1
DA:15,1
DA:16,2
DA:17,2
DA:18,2
DA:19,2
DA:20,2
DA:21,23
DA:23,2
DA:26,1
DA:27,9
DA:28,9
DA:29,9
DA:30,9
DA:31,9
DA:32,9
DA:33,9
DA:34,9
DA:35,9
DA:38,1
DA:39,3
DA:40,3
DA:41,3
DA:42,3
DA:45,1
DA:46,8
DA:47,8
DA:48,8
DA:51,1
DA:52,9
DA:53,9
DA:54,9
DA:55,9
DA:56,9
DA:58,9
DA:60,9
DA:61,1
DA:63,8
DA:64,1
DA:67,7
DA:68,7
DA:70,6
DA:71,6
DA:73,5
DA:74,5
DA:76,4
DA:77,4
DA:78,4
DA:79,4
DA:81,3
DA:82,3
DA:83,3
DA:85,3
DA:86,3
DA:87,3
DA:88,3
DA:89,3
DA:92,3
DA:93,0
DA:96,3
DA:97,3
DA:98,2
DA:99,0
DA:102,2
DA:103,1
DA:106,1
DA:107,1
DA:108,1
DA:109,1
DA:110,1
DA:111,0
DA:115,1
DA:118,1
LF:78
LH:75
BRDA:10,0,0,1
BRDA:10,0,1,0
BRDA:16,1,0,0
BRDA:16,1,1,2
BRDA:27,2,0,9
BRDA:27,2,1,0
BRDA:28,3,0,9
BRDA:28,3,1,0
BRDA:35,4,0,9
BRDA:35,4,1,9
BRDA:39,5,0,3
BRDA:39,5,1,0
BRDA:40,6,0,3
BRDA:40,6,1,0
BRDA:41,7,0,0
BRDA:41,7,1,3
BRDA:52,8,0,9
BRDA:52,8,1,0
BRDA:53,9,0,9
BRDA:53,9,1,0
BRDA:54,10,0,9
BRDA:54,10,1,0
BRDA:55,11,0,9
BRDA:55,11,1,0
BRDA:58,12,0,0
BRDA:58,12,1,9
BRDA:60,13,0,1
BRDA:60,13,1,8
BRDA:63,14,0,1
BRDA:63,14,1,7
BRDA:67,15,0,7
BRDA:67,15,1,0
BRDA:68,16,0,1
BRDA:68,16,1,6
BRDA:70,17,0,6
BRDA:70,17,1,0
BRDA:71,18,0,1
BRDA:71,18,1,5
BRDA:74,19,0,1
BRDA:74,19,1,4
BRDA:76,20,0,4
BRDA:76,20,1,0
BRDA:77,21,0,4
BRDA:77,21,1,0
BRDA:79,22,0,1
BRDA:79,22,1,3
BRDA:82,23,0,0
BRDA:82,23,1,3
BRDA:83,24,0,0
BRDA:83,24,1,3
BRDA:86,25,0,3
BRDA:86,25,1,0
BRDA:87,26,0,3
BRDA:87,26,1,0
BRDA:88,27,0,0
BRDA:88,27,1,3
BRDA:89,28,0,0
BRDA:89,28,1,3
BRDA:92,29,0,0
BRDA:92,29,1,3
BRDA:97,30,0,1
BRDA:97,30,1,2
BRDA:98,31,0,0
BRDA:98,31,1,2
BRDA:98,32,0,2
BRDA:98,32,1,0
BRDA:102,33,0,1
BRDA:102,33,1,1
BRDA:107,34,0,1
BRDA:107,34,1,0
BRDA:110,35,0,0
BRDA:110,35,1,1
BRDA:110,36,0,1
BRDA:110,36,1,1
BRDA:110,36,2,1
BRF:75
BRH:48
end_of_record
