TN:
SF:dashboard/server.js
FN:17,(anonymous_0)
FN:55,(anonymous_1)
FN:72,(anonymous_2)
FN:72,(anonymous_3)
FN:73,(anonymous_4)
FN:75,(anonymous_5)
FN:85,(anonymous_6)
FN:88,(anonymous_7)
FN:92,(anonymous_8)
FN:115,(anonymous_9)
FN:130,(anonymous_10)
FN:140,(anonymous_11)
FN:198,(anonymous_12)
FN:222,(anonymous_13)
FN:229,(anonymous_14)
FN:233,(anonymous_15)
FN:241,(anonymous_16)
FN:242,(anonymous_17)
FN:249,(anonymous_18)
FNF:19
FNH:8
FNDA:2,(anonymous_0)
FNDA:0,(anonymous_1)
FNDA:0,(anonymous_2)
FNDA:0,(anonymous_3)
FNDA:0,(anonymous_4)
FNDA:0,(anonymous_5)
FNDA:8,(anonymous_6)
FNDA:1,(anonymous_7)
FNDA:6,(anonymous_8)
FNDA:0,(anonymous_9)
FNDA:0,(anonymous_10)
FNDA:0,(anonymous_11)
FNDA:0,(anonymous_12)
FNDA:1,(anonymous_13)
FNDA:1,(anonymous_14)
FNDA:0,(anonymous_15)
FNDA:1,(anonymous_16)
FNDA:1,(anonymous_17)
FNDA:0,(anonymous_18)
DA:3,2
DA:4,2
DA:5,2
DA:6,2
DA:7,2
DA:8,2
DA:9,2
DA:10,2
DA:12,2
DA:13,2
DA:17,2
DA:18,2
DA:27,2
DA:28,2
DA:29,6
DA:30,6
DA:42,2
DA:55,2
DA:56,0
DA:57,0
DA:58,0
DA:59,0
DA:72,2
DA:73,0
DA:74,0
DA:75,0
DA:76,0
DA:77,0
DA:79,0
DA:85,2
DA:86,8
DA:88,8
DA:89,1
DA:92,8
DA:93,6
DA:94,6
DA:95,6
DA:96,6
DA:97,1
DA:98,1
DA:100,5
DA:103,8
DA:104,8
DA:107,8
DA:108,8
DA:109,8
DA:110,8
DA:111,8
DA:112,8
DA:115,8
DA:116,0
DA:117,0
DA:118,0
DA:119,0
DA:121,0
DA:122,0
DA:123,0
DA:125,0
DA:130,8
DA:131,0
DA:132,0
DA:133,0
DA:135,0
DA:140,8
DA:141,0
DA:146,0
DA:148,0
DA:149,0
DA:150,0
DA:152,0
DA:153,0
DA:154,0
DA:156,0
DA:157,0
DA:158,0
DA:159,0
DA:160,0
DA:161,0
DA:162,0
DA:164,0
DA:165,0
DA:166,0
DA:168,0
DA:191,0
DA:193,0
DA:198,8
DA:199,0
DA:200,0
DA:201,0
DA:211,0
DA:213,0
DA:217,8
DA:222,2
DA:223,1
DA:224,1
DA:225,1
DA:226,1
DA:227,1
DA:229,1
DA:230,1
DA:231,1
DA:232,1
DA:233,1
DA:234,0
DA:239,1
DA:241,1
DA:242,1
DA:243,1
DA:248,2
DA:249,0
DA:250,0
DA:254,2
LF:112
LH:61
BRDA:12,0,0,2
BRDA:12,0,1,2
BRDA:32,1,0,6
BRDA:32,1,1,0
BRDA:33,2,0,6
BRDA:33,2,1,0
BRDA:34,3,0,6
BRDA:34,3,1,0
BRDA:35,4,0,6
BRDA:35,4,1,0
BRDA:36,5,0,6
BRDA:36,5,1,0
BRDA:37,6,0,6
BRDA:37,6,1,0
BRDA:38,7,0,6
BRDA:38,7,1,0
BRDA:39,8,0,6
BRDA:39,8,1,0
BRDA:63,9,0,0
BRDA:63,9,1,0
BRDA:74,10,0,0
BRDA:74,10,1,0
BRDA:74,11,0,0
BRDA:74,11,1,0
BRDA:93,12,0,0
BRDA:93,12,1,6
BRDA:95,13,0,6
BRDA:95,13,1,0
BRDA:96,14,0,1
BRDA:96,14,1,5
BRDA:96,15,0,6
BRDA:96,15,1,5
BRDA:117,16,0,0
BRDA:117,16,1,0
BRDA:118,17,0,0
BRDA:118,17,1,0
BRDA:118,18,0,0
BRDA:118,18,1,0
BRDA:118,18,2,0
BRDA:144,19,0,0
BRDA:144,20,0,0
BRDA:145,21,0,0
BRDA:145,22,0,0
BRDA:149,23,0,0
BRDA:149,23,1,0
BRDA:150,24,0,0
BRDA:150,24,1,0
BRDA:156,25,0,0
BRDA:156,25,1,0
BRDA:156,26,0,0
BRDA:156,26,1,0
BRDA:157,27,0,0
BRDA:157,27,1,0
BRDA:157,28,0,0
BRDA:157,28,1,0
BRDA:158,29,0,0
BRDA:158,29,1,0
BRDA:159,30,0,0
BRDA:159,30,1,0
BRDA:160,31,0,0
BRDA:160,31,1,0
BRDA:161,32,0,0
BRDA:161,32,1,0
BRDA:162,33,0,0
BRDA:162,33,1,0
BRDA:164,34,0,0
BRDA:164,34,1,0
BRDA:200,35,0,0
BRDA:200,35,1,0
BRDA:222,36,0,0
BRDA:234,37,0,0
BRDA:234,37,1,0
BRDA:248,38,0,0
BRDA:248,38,1,2
BRF:74
BRH:17
end_of_record
TN:
SF:dashboard/api/backtest.js
FN:1,(anonymous_0)
FN:1,(anonymous_1)
FN:13,(anonymous_2)
FN:14,(anonymous_3)
FN:15,(anonymous_4)
FN:19,(anonymous_5)
FN:23,(anonymous_6)
FN:25,(anonymous_7)
FN:29,(anonymous_8)
FN:29,(anonymous_9)
FN:30,(anonymous_10)
FN:30,(anonymous_11)
FNF:12
FNH:11
FNDA:10,(anonymous_0)
FNDA:3,(anonymous_1)
FNDA:5,(anonymous_2)
FNDA:5,(anonymous_3)
FNDA:5,(anonymous_4)
FNDA:4,(anonymous_5)
FNDA:5,(anonymous_6)
FNDA:0,(anonymous_7)
FNDA:5,(anonymous_8)
FNDA:3,(anonymous_9)
FNDA:5,(anonymous_10)
FNDA:2,(anonymous_11)
DA:1,10
DA:2,3
DA:3,3
DA:4,3
DA:12,3
DA:13,5
DA:14,5
DA:15,5
DA:16,3
DA:17,3
DA:18,3
DA:19,4
DA:21,3
DA:22,3
DA:23,5
DA:24,3
DA:25,0
DA:27,3
DA:28,3
DA:29,5
DA:30,5
DA:31,3
DA:32,3
DA:44,0
DA:48,3
LF:25
LH:23
BRDA:3,0,0,1
BRDA:3,1,0,1
BRDA:3,2,0,3
BRDA:3,2,1,0
BRDA:13,3,0,5
BRDA:13,3,1,0
BRDA:17,4,0,3
BRDA:17,4,1,0
BRDA:18,5,0,2
BRDA:18,5,1,1
BRDA:22,6,0,2
BRDA:22,6,1,1
BRDA:24,7,0,0
BRDA:24,7,1,3
BRDA:28,8,0,0
BRDA:28,8,1,3
BRDA:31,9,0,2
BRDA:31,9,1,1
BRDA:31,10,0,1
BRDA:31,10,1,0
BRF:20
BRH:14
end_of_record
TN:
SF:dashboard/api/correlation.js
FN:1,(anonymous_0)
FN:1,(anonymous_1)
FNF:2
FNH:2
FNDA:8,(anonymous_0)
FNDA:1,(anonymous_1)
DA:1,8
DA:2,1
DA:3,1
DA:4,1
DA:5,1
DA:6,3
DA:7,3
DA:8,0
DA:9,0
DA:11,3
DA:12,3
DA:13,3
DA:15,1
DA:17,0
DA:21,2
LF:15
LH:12
BRDA:7,0,0,0
BRDA:7,0,1,3
BRDA:12,1,0,1
BRDA:12,1,1,2
BRF:4
BRH:3
end_of_record
TN:
SF:dashboard/api/events.js
FN:1,(anonymous_0)
FN:1,(anonymous_1)
FNF:2
FNH:1
FNDA:8,(anonymous_0)
FNDA:0,(anonymous_1)
DA:1,8
DA:2,0
DA:3,0
DA:4,0
DA:9,0
DA:11,0
DA:15,2
LF:7
LH:2
BRDA:3,0,0,0
BRDA:3,0,1,0
BRF:2
BRH:0
end_of_record
TN:
SF:dashboard/api/pnl.js
FN:1,(anonymous_0)
FN:1,(anonymous_1)
FNF:2
FNH:2
FNDA:8,(anonymous_0)
FNDA:1,(anonymous_1)
DA:1,8
DA:2,1
DA:3,1
DA:10,1
DA:12,0
DA:16,2
LF:6
LH:5
BRF:0
BRH:0
end_of_record
TN:
SF:dashboard/api/status.js
FN:1,(anonymous_0)
FN:1,(anonymous_1)
FNF:2
FNH:2
FNDA:8,(anonymous_0)
FNDA:1,(anonymous_1)
DA:1,8
DA:2,1
DA:3,1
DA:4,1
DA:5,1
DA:6,3
DA:7,3
DA:15,1
DA:19,1
DA:21,0
DA:25,2
LF:11
LH:10
BRDA:10,0,0,3
BRDA:10,0,1,0
BRDA:11,1,0,3
BRDA:11,1,1,0
BRF:4
BRH:2
end_of_record
TN:
SF:dashboard/api/trades.js
FN:1,(anonymous_0)
FN:1,(anonymous_1)
FNF:2
FNH:2
FNDA:8,(anonymous_0)
FNDA:1,(anonymous_1)
DA:1,8
DA:2,1
DA:3,1
DA:4,1
DA:9,1
DA:11,0
DA:15,2
LF:7
LH:6
BRDA:3,0,0,1
BRDA:3,0,1,1
BRF:2
BRH:2
end_of_record
TN:
SF:dashboard/public/js/dashboard.js
FN:6,initAuth
FN:15,(anonymous_1)
FN:20,api
FN:36,toast
FN:47,(anonymous_4)
FN:52,(anonymous_5)
FN:53,(anonymous_6)
FN:54,(anonymous_7)
FN:55,(anonymous_8)
FN:56,(anonymous_9)
FN:62,(anonymous_10)
FN:63,(anonymous_11)
FN:64,(anonymous_12)
FN:71,destroyChart
FN:73,makeChart
FN:98,connectWs
FN:100,(anonymous_16)
FN:101,(anonymous_17)
FN:102,(anonymous_18)
FN:103,(anonymous_19)
FN:117,updateHeader
FN:118,(anonymous_21)
FN:134,(anonymous_22)
FN:137,(anonymous_23)
FN:144,loadTab
FN:165,renderOverview
FN:180,(anonymous_26)
FN:184,(anonymous_27)
FN:206,(anonymous_28)
FN:220,(anonymous_29)
FN:264,renderOverviewLive
FN:265,(anonymous_31)
FN:281,(anonymous_32)
FN:295,renderTrades
FN:368,(anonymous_34)
FN:369,(anonymous_35)
FN:382,(anonymous_36)
FN:393,(anonymous_37)
FN:395,(anonymous_38)
FN:405,fetchTrades
FN:427,renderTradeStats
FN:444,renderTradeTable
FN:448,(anonymous_42)
FN:466,renderTradeEquity
FN:467,(anonymous_44)
FN:470,(anonymous_45)
FN:499,updateSortHeaders
FN:500,(anonymous_47)
FN:508,exportCsv
FN:511,(anonymous_49)
FN:511,(anonymous_50)
FN:522,renderPnl
FN:531,(anonymous_52)
FN:540,(anonymous_53)
FN:542,(anonymous_54)
FN:547,(anonymous_55)
FN:576,(anonymous_56)
FN:585,(anonymous_57)
FN:587,(anonymous_58)
FN:588,(anonymous_59)
FN:599,(anonymous_60)
FN:600,(anonymous_61)
FN:602,(anonymous_62)
FN:615,renderStatus
FN:621,updateStatusLive
FN:624,(anonymous_65)
FN:628,(anonymous_66)
FN:637,renderStatusHtml
FN:640,(anonymous_68)
FN:673,renderMarket
FN:680,(anonymous_70)
FN:681,(anonymous_71)
FN:683,(anonymous_72)
FN:693,(anonymous_73)
FN:695,(anonymous_74)
FN:701,(anonymous_75)
FN:715,(anonymous_76)
FN:748,renderCorrelation
FN:753,(anonymous_78)
FN:766,(anonymous_79)
FN:767,(anonymous_80)
FN:769,(anonymous_81)
FN:787,(anonymous_82)
FN:804,renderBacktest
FN:819,(anonymous_84)
FN:832,renderBacktestResults
FN:835,(anonymous_86)
FN:836,(anonymous_87)
FN:855,(anonymous_88)
FN:882,renderEvents
FN:893,(anonymous_90)
FN:911,renderConfig
FN:936,(anonymous_92)
FN:956,renderHealth
FN:980,(anonymous_94)
FN:1008,(anonymous_95)
FN:1023,(anonymous_96)
FNF:97
FNH:0
FNDA:0,initAuth
FNDA:0,(anonymous_1)
FNDA:0,api
FNDA:0,toast
FNDA:0,(anonymous_4)
FNDA:0,(anonymous_5)
FNDA:0,(anonymous_6)
FNDA:0,(anonymous_7)
FNDA:0,(anonymous_8)
FNDA:0,(anonymous_9)
FNDA:0,(anonymous_10)
FNDA:0,(anonymous_11)
FNDA:0,(anonymous_12)
FNDA:0,destroyChart
FNDA:0,makeChart
FNDA:0,connectWs
FNDA:0,(anonymous_16)
FNDA:0,(anonymous_17)
FNDA:0,(anonymous_18)
FNDA:0,(anonymous_19)
FNDA:0,updateHeader
FNDA:0,(anonymous_21)
FNDA:0,(anonymous_22)
FNDA:0,(anonymous_23)
FNDA:0,loadTab
FNDA:0,renderOverview
FNDA:0,(anonymous_26)
FNDA:0,(anonymous_27)
FNDA:0,(anonymous_28)
FNDA:0,(anonymous_29)
FNDA:0,renderOverviewLive
FNDA:0,(anonymous_31)
FNDA:0,(anonymous_32)
FNDA:0,renderTrades
FNDA:0,(anonymous_34)
FNDA:0,(anonymous_35)
FNDA:0,(anonymous_36)
FNDA:0,(anonymous_37)
FNDA:0,(anonymous_38)
FNDA:0,fetchTrades
FNDA:0,renderTradeStats
FNDA:0,renderTradeTable
FNDA:0,(anonymous_42)
FNDA:0,renderTradeEquity
FNDA:0,(anonymous_44)
FNDA:0,(anonymous_45)
FNDA:0,updateSortHeaders
FNDA:0,(anonymous_47)
FNDA:0,exportCsv
FNDA:0,(anonymous_49)
FNDA:0,(anonymous_50)
FNDA:0,renderPnl
FNDA:0,(anonymous_52)
FNDA:0,(anonymous_53)
FNDA:0,(anonymous_54)
FNDA:0,(anonymous_55)
FNDA:0,(anonymous_56)
FNDA:0,(anonymous_57)
FNDA:0,(anonymous_58)
FNDA:0,(anonymous_59)
FNDA:0,(anonymous_60)
FNDA:0,(anonymous_61)
FNDA:0,(anonymous_62)
FNDA:0,renderStatus
FNDA:0,updateStatusLive
FNDA:0,(anonymous_65)
FNDA:0,(anonymous_66)
FNDA:0,renderStatusHtml
FNDA:0,(anonymous_68)
FNDA:0,renderMarket
FNDA:0,(anonymous_70)
FNDA:0,(anonymous_71)
FNDA:0,(anonymous_72)
FNDA:0,(anonymous_73)
FNDA:0,(anonymous_74)
FNDA:0,(anonymous_75)
FNDA:0,(anonymous_76)
FNDA:0,renderCorrelation
FNDA:0,(anonymous_78)
FNDA:0,(anonymous_79)
FNDA:0,(anonymous_80)
FNDA:0,(anonymous_81)
FNDA:0,(anonymous_82)
FNDA:0,renderBacktest
FNDA:0,(anonymous_84)
FNDA:0,renderBacktestResults
FNDA:0,(anonymous_86)
FNDA:0,(anonymous_87)
FNDA:0,(anonymous_88)
FNDA:0,renderEvents
FNDA:0,(anonymous_90)
FNDA:0,renderConfig
FNDA:0,(anonymous_92)
FNDA:0,renderHealth
FNDA:0,(anonymous_94)
FNDA:0,(anonymous_95)
FNDA:0,(anonymous_96)
DA:5,0
DA:6,0
DA:7,0
DA:8,0
DA:9,0
DA:10,0
DA:11,0
DA:15,0
DA:16,0
DA:17,0
DA:21,0
DA:25,0
DA:26,0
DA:27,0
DA:28,0
DA:29,0
DA:31,0
DA:32,0
DA:37,0
DA:38,0
DA:39,0
DA:40,0
DA:41,0
DA:43,0
DA:44,0
DA:45,0
DA:46,0
DA:47,0
DA:51,0
DA:52,0
DA:53,0
DA:54,0
DA:55,0
DA:56,0
DA:57,0
DA:58,0
DA:59,0
DA:60,0
DA:62,0
DA:63,0
DA:64,0
DA:65,0
DA:66,0
DA:70,0
DA:71,0
DA:74,0
DA:75,0
DA:76,0
DA:77,0
DA:78,0
DA:79,0
DA:82,0
DA:92,0
DA:93,0
DA:94,0
DA:96,0
DA:99,0
DA:100,0
DA:101,0
DA:102,0
DA:103,0
DA:104,0
DA:105,0
DA:106,0
DA:107,0
DA:108,0
DA:109,0
DA:110,0
DA:111,0
DA:115,0
DA:118,0
DA:119,0
DA:120,0
DA:121,0
DA:122,0
DA:123,0
DA:124,0
DA:125,0
DA:126,0
DA:127,0
DA:128,0
DA:129,0
DA:134,0
DA:135,0
DA:136,0
DA:137,0
DA:138,0
DA:139,0
DA:140,0
DA:141,0
DA:145,0
DA:146,0
DA:147,0
DA:148,0
DA:149,0
DA:150,0
DA:151,0
DA:152,0
DA:153,0
DA:154,0
DA:155,0
DA:156,0
DA:158,0
DA:166,0
DA:170,0
DA:171,0
DA:172,0
DA:173,0
DA:174,0
DA:177,0
DA:178,0
DA:179,0
DA:180,0
DA:181,0
DA:182,0
DA:184,0
DA:185,0
DA:186,0
DA:187,0
DA:190,0
DA:206,0
DA:220,0
DA:238,0
DA:265,0
DA:266,0
DA:267,0
DA:268,0
DA:269,0
DA:270,0
DA:271,0
DA:273,0
DA:274,0
DA:275,0
DA:276,0
DA:277,0
DA:278,0
DA:280,0
DA:281,0
DA:282,0
DA:289,0
DA:296,0
DA:368,0
DA:369,0
DA:370,0
DA:371,0
DA:372,0
DA:374,0
DA:375,0
DA:377,0
DA:382,0
DA:383,0
DA:384,0
DA:385,0
DA:386,0
DA:387,0
DA:388,0
DA:389,0
DA:390,0
DA:393,0
DA:394,0
DA:395,0
DA:396,0
DA:397,0
DA:400,0
DA:402,0
DA:406,0
DA:407,0
DA:408,0
DA:409,0
DA:410,0
DA:411,0
DA:412,0
DA:413,0
DA:414,0
DA:415,0
DA:416,0
DA:418,0
DA:419,0
DA:420,0
DA:421,0
DA:422,0
DA:423,0
DA:424,0
DA:428,0
DA:429,0
DA:430,0
DA:431,0
DA:432,0
DA:433,0
DA:440,0
DA:441,0
DA:445,0
DA:446,0
DA:447,0
DA:448,0
DA:449,0
DA:450,0
DA:467,0
DA:468,0
DA:469,0
DA:470,0
DA:471,0
DA:472,0
DA:473,0
DA:474,0
DA:477,0
DA:500,0
DA:501,0
DA:502,0
DA:503,0
DA:509,0
DA:510,0
DA:511,0
DA:512,0
DA:513,0
DA:514,0
DA:515,0
DA:516,0
DA:523,0
DA:529,0
DA:530,0
DA:531,0
DA:532,0
DA:533,0
DA:534,0
DA:535,0
DA:536,0
DA:539,0
DA:540,0
DA:541,0
DA:542,0
DA:544,0
DA:547,0
DA:574,0
DA:576,0
DA:583,0
DA:585,0
DA:587,0
DA:588,0
DA:595,0
DA:596,0
DA:597,0
DA:599,0
DA:600,0
DA:602,0
DA:616,0
DA:617,0
DA:618,0
DA:622,0
DA:624,0
DA:625,0
DA:626,0
DA:627,0
DA:628,0
DA:629,0
DA:630,0
DA:631,0
DA:632,0
DA:633,0
DA:638,0
DA:641,0
DA:642,0
DA:643,0
DA:644,0
DA:674,0
DA:676,0
DA:677,0
DA:679,0
DA:680,0
DA:681,0
DA:683,0
DA:686,0
DA:687,0
DA:688,0
DA:689,0
DA:691,0
DA:692,0
DA:693,0
DA:695,0
DA:696,0
DA:697,0
DA:698,0
DA:699,0
DA:701,0
DA:702,0
DA:703,0
DA:704,0
DA:705,0
DA:708,0
DA:716,0
DA:717,0
DA:718,0
DA:719,0
DA:720,0
DA:721,0
DA:749,0
DA:750,0
DA:751,0
DA:753,0
DA:754,0
DA:755,0
DA:756,0
DA:757,0
DA:758,0
DA:761,0
DA:766,0
DA:767,0
DA:770,0
DA:771,0
DA:772,0
DA:773,0
DA:774,0
DA:788,0
DA:789,0
DA:790,0
DA:805,0
DA:819,0
DA:820,0
DA:821,0
DA:822,0
DA:823,0
DA:824,0
DA:825,0
DA:827,0
DA:833,0
DA:834,0
DA:835,0
DA:836,0
DA:838,0
DA:855,0
DA:864,0
DA:883,0
DA:884,0
DA:894,0
DA:895,0
DA:912,0
DA:936,0
DA:937,0
DA:938,0
DA:939,0
DA:940,0
DA:941,0
DA:942,0
DA:943,0
DA:944,0
DA:945,0
DA:947,0
DA:948,0
DA:957,0
DA:962,0
DA:963,0
DA:964,0
DA:965,0
DA:966,0
DA:967,0
DA:968,0
DA:969,0
DA:971,0
DA:980,0
DA:1009,0
DA:1010,0
DA:1023,0
DA:1035,0
LF:363
LH:0
BRDA:8,0,0,0
BRDA:8,0,1,0
BRDA:9,1,0,0
BRDA:9,1,1,0
BRDA:16,2,0,0
BRDA:16,2,1,0
BRDA:17,3,0,0
BRDA:17,3,1,0
BRDA:20,4,0,0
BRDA:23,5,0,0
BRDA:23,5,1,0
BRDA:25,6,0,0
BRDA:25,6,1,0
BRDA:31,7,0,0
BRDA:31,7,1,0
BRDA:36,8,0,0
BRDA:38,9,0,0
BRDA:38,9,1,0
BRDA:52,10,0,0
BRDA:53,11,0,0
BRDA:54,12,0,0
BRDA:54,12,1,0
BRDA:54,13,0,0
BRDA:54,13,1,0
BRDA:55,14,0,0
BRDA:55,14,1,0
BRDA:57,15,0,0
BRDA:57,15,1,0
BRDA:60,16,0,0
BRDA:60,16,1,0
BRDA:62,17,0,0
BRDA:62,17,1,0
BRDA:63,18,0,0
BRDA:63,18,1,0
BRDA:63,19,0,0
BRDA:63,19,1,0
BRDA:66,20,0,0
BRDA:66,20,1,0
BRDA:66,21,0,0
BRDA:66,21,1,0
BRDA:71,22,0,0
BRDA:71,22,1,0
BRDA:74,23,0,0
BRDA:74,23,1,0
BRDA:77,24,0,0
BRDA:77,24,1,0
BRDA:96,25,0,0
BRDA:96,25,1,0
BRDA:110,26,0,0
BRDA:110,26,1,0
BRDA:110,27,0,0
BRDA:110,27,1,0
BRDA:111,28,0,0
BRDA:111,28,1,0
BRDA:111,29,0,0
BRDA:111,29,1,0
BRDA:118,30,0,0
BRDA:118,30,1,0
BRDA:119,31,0,0
BRDA:119,31,1,0
BRDA:120,32,0,0
BRDA:120,32,1,0
BRDA:121,33,0,0
BRDA:121,33,1,0
BRDA:122,34,0,0
BRDA:122,34,1,0
BRDA:123,35,0,0
BRDA:123,35,1,0
BRDA:124,36,0,0
BRDA:124,36,1,0
BRDA:125,37,0,0
BRDA:125,37,1,0
BRDA:126,38,0,0
BRDA:126,38,1,0
BRDA:127,39,0,0
BRDA:127,39,1,0
BRDA:128,40,0,0
BRDA:128,40,1,0
BRDA:129,41,0,0
BRDA:129,41,1,0
BRDA:129,42,0,0
BRDA:129,42,1,0
BRDA:136,43,0,0
BRDA:136,43,1,0
BRDA:140,44,0,0
BRDA:140,44,1,0
BRDA:147,45,0,0
BRDA:147,45,1,0
BRDA:148,46,0,0
BRDA:148,46,1,0
BRDA:149,47,0,0
BRDA:149,47,1,0
BRDA:150,48,0,0
BRDA:150,48,1,0
BRDA:151,49,0,0
BRDA:151,49,1,0
BRDA:152,50,0,0
BRDA:152,50,1,0
BRDA:153,51,0,0
BRDA:153,51,1,0
BRDA:154,52,0,0
BRDA:154,52,1,0
BRDA:155,53,0,0
BRDA:155,53,1,0
BRDA:156,54,0,0
BRDA:156,54,1,0
BRDA:170,55,0,0
BRDA:170,55,1,0
BRDA:171,56,0,0
BRDA:171,56,1,0
BRDA:171,56,2,0
BRDA:174,57,0,0
BRDA:174,57,1,0
BRDA:174,58,0,0
BRDA:174,58,1,0
BRDA:180,59,0,0
BRDA:180,59,1,0
BRDA:181,60,0,0
BRDA:181,60,1,0
BRDA:182,61,0,0
BRDA:182,61,1,0
BRDA:195,62,0,0
BRDA:195,62,1,0
BRDA:195,63,0,0
BRDA:195,63,1,0
BRDA:201,64,0,0
BRDA:201,64,1,0
BRDA:206,65,0,0
BRDA:206,65,1,0
BRDA:211,66,0,0
BRDA:211,66,1,0
BRDA:211,67,0,0
BRDA:211,67,1,0
BRDA:212,68,0,0
BRDA:212,68,1,0
BRDA:212,69,0,0
BRDA:212,69,1,0
BRDA:220,70,0,0
BRDA:220,70,1,0
BRDA:221,71,0,0
BRDA:221,71,1,0
BRDA:223,72,0,0
BRDA:223,72,1,0
BRDA:225,73,0,0
BRDA:225,73,1,0
BRDA:226,74,0,0
BRDA:226,74,1,0
BRDA:266,75,0,0
BRDA:266,75,1,0
BRDA:269,76,0,0
BRDA:269,76,1,0
BRDA:270,77,0,0
BRDA:270,77,1,0
BRDA:271,78,0,0
BRDA:271,78,1,0
BRDA:273,79,0,0
BRDA:273,79,1,0
BRDA:274,80,0,0
BRDA:274,80,1,0
BRDA:275,81,0,0
BRDA:275,81,1,0
BRDA:275,82,0,0
BRDA:275,82,1,0
BRDA:276,83,0,0
BRDA:276,83,1,0
BRDA:277,84,0,0
BRDA:277,84,1,0
BRDA:278,85,0,0
BRDA:278,85,1,0
BRDA:280,86,0,0
BRDA:280,86,1,0
BRDA:280,87,0,0
BRDA:280,87,1,0
BRDA:371,88,0,0
BRDA:371,88,1,0
BRDA:372,89,0,0
BRDA:372,89,1,0
BRDA:395,90,0,0
BRDA:395,90,1,0
BRDA:395,91,0,0
BRDA:395,91,1,0
BRDA:407,92,0,0
BRDA:407,92,1,0
BRDA:408,93,0,0
BRDA:408,93,1,0
BRDA:409,94,0,0
BRDA:409,94,1,0
BRDA:410,95,0,0
BRDA:410,95,1,0
BRDA:411,96,0,0
BRDA:411,96,1,0
BRDA:412,97,0,0
BRDA:412,97,1,0
BRDA:413,98,0,0
BRDA:413,98,1,0
BRDA:419,99,0,0
BRDA:419,99,1,0
BRDA:420,100,0,0
BRDA:420,100,1,0
BRDA:428,101,0,0
BRDA:428,101,1,0
BRDA:429,102,0,0
BRDA:429,102,1,0
BRDA:430,103,0,0
BRDA:430,103,1,0
BRDA:431,104,0,0
BRDA:431,104,1,0
BRDA:432,105,0,0
BRDA:432,105,1,0
BRDA:435,106,0,0
BRDA:435,106,1,0
BRDA:436,107,0,0
BRDA:436,107,1,0
BRDA:437,108,0,0
BRDA:437,108,1,0
BRDA:441,109,0,0
BRDA:441,109,1,0
BRDA:441,110,0,0
BRDA:441,110,1,0
BRDA:446,111,0,0
BRDA:446,111,1,0
BRDA:447,112,0,0
BRDA:447,112,1,0
BRDA:449,113,0,0
BRDA:449,113,1,0
BRDA:457,114,0,0
BRDA:457,114,1,0
BRDA:458,115,0,0
BRDA:458,115,1,0
BRDA:460,116,0,0
BRDA:460,116,1,0
BRDA:461,117,0,0
BRDA:461,117,1,0
BRDA:471,118,0,0
BRDA:471,118,1,0
BRDA:472,119,0,0
BRDA:472,119,1,0
BRDA:483,120,0,0
BRDA:483,120,1,0
BRDA:484,121,0,0
BRDA:484,121,1,0
BRDA:502,122,0,0
BRDA:502,122,1,0
BRDA:503,123,0,0
BRDA:503,123,1,0
BRDA:509,124,0,0
BRDA:509,124,1,0
BRDA:511,125,0,0
BRDA:511,125,1,0
BRDA:531,126,0,0
BRDA:531,126,1,0
BRDA:532,127,0,0
BRDA:532,127,1,0
BRDA:533,128,0,0
BRDA:533,128,1,0
BRDA:534,129,0,0
BRDA:534,129,1,0
BRDA:535,130,0,0
BRDA:535,130,1,0
BRDA:536,131,0,0
BRDA:536,131,1,0
BRDA:547,132,0,0
BRDA:547,132,1,0
BRDA:550,133,0,0
BRDA:550,133,1,0
BRDA:587,134,0,0
BRDA:587,134,1,0
BRDA:588,135,0,0
BRDA:588,135,1,0
BRDA:602,136,0,0
BRDA:602,136,1,0
BRDA:602,137,0,0
BRDA:602,137,1,0
BRDA:617,138,0,0
BRDA:617,138,1,0
BRDA:622,139,0,0
BRDA:622,139,1,0
BRDA:626,140,0,0
BRDA:626,140,1,0
BRDA:629,141,0,0
BRDA:629,141,1,0
BRDA:629,142,0,0
BRDA:629,142,1,0
BRDA:630,143,0,0
BRDA:630,143,1,0
BRDA:630,144,0,0
BRDA:630,144,1,0
BRDA:631,145,0,0
BRDA:631,145,1,0
BRDA:631,146,0,0
BRDA:631,146,1,0
BRDA:632,147,0,0
BRDA:632,147,1,0
BRDA:632,148,0,0
BRDA:632,148,1,0
BRDA:633,149,0,0
BRDA:633,149,1,0
BRDA:633,150,0,0
BRDA:633,150,1,0
BRDA:633,151,0,0
BRDA:633,151,1,0
BRDA:640,152,0,0
BRDA:640,152,1,0
BRDA:643,153,0,0
BRDA:643,153,1,0
BRDA:644,154,0,0
BRDA:644,154,1,0
BRDA:646,155,0,0
BRDA:646,155,1,0
BRDA:648,156,0,0
BRDA:648,156,1,0
BRDA:649,157,0,0
BRDA:649,157,1,0
BRDA:649,158,0,0
BRDA:649,158,1,0
BRDA:651,159,0,0
BRDA:651,159,1,0
BRDA:651,159,2,0
BRDA:652,160,0,0
BRDA:652,160,1,0
BRDA:653,161,0,0
BRDA:653,161,1,0
BRDA:654,162,0,0
BRDA:654,162,1,0
BRDA:654,163,0,0
BRDA:654,163,1,0
BRDA:654,164,0,0
BRDA:654,164,1,0
BRDA:655,165,0,0
BRDA:655,165,1,0
BRDA:656,166,0,0
BRDA:656,166,1,0
BRDA:664,167,0,0
BRDA:664,167,1,0
BRDA:664,168,0,0
BRDA:664,168,1,0
BRDA:686,169,0,0
BRDA:686,169,1,0
BRDA:687,170,0,0
BRDA:687,170,1,0
BRDA:693,171,0,0
BRDA:693,171,1,0
BRDA:696,172,0,0
BRDA:696,172,1,0
BRDA:697,173,0,0
BRDA:697,173,1,0
BRDA:698,174,0,0
BRDA:698,174,1,0
BRDA:702,175,0,0
BRDA:702,175,1,0
BRDA:703,176,0,0
BRDA:703,176,1,0
BRDA:704,177,0,0
BRDA:704,177,1,0
BRDA:711,178,0,0
BRDA:711,178,1,0
BRDA:712,179,0,0
BRDA:712,179,1,0
BRDA:716,180,0,0
BRDA:716,180,1,0
BRDA:718,181,0,0
BRDA:718,181,1,0
BRDA:719,182,0,0
BRDA:719,182,1,0
BRDA:720,183,0,0
BRDA:720,183,1,0
BRDA:723,184,0,0
BRDA:723,184,1,0
BRDA:723,185,0,0
BRDA:723,185,1,0
BRDA:724,186,0,0
BRDA:724,186,1,0
BRDA:724,187,0,0
BRDA:724,187,1,0
BRDA:731,188,0,0
BRDA:731,188,1,0
BRDA:732,189,0,0
BRDA:732,189,1,0
BRDA:734,190,0,0
BRDA:734,190,1,0
BRDA:738,191,0,0
BRDA:738,191,1,0
BRDA:738,192,0,0
BRDA:738,192,1,0
BRDA:754,193,0,0
BRDA:754,193,1,0
BRDA:756,194,0,0
BRDA:756,194,1,0
BRDA:757,195,0,0
BRDA:757,195,1,0
BRDA:770,196,0,0
BRDA:770,196,1,0
BRDA:772,197,0,0
BRDA:772,197,1,0
BRDA:773,198,0,0
BRDA:773,198,1,0
BRDA:774,199,0,0
BRDA:774,199,1,0
BRDA:775,200,0,0
BRDA:775,200,1,0
BRDA:788,201,0,0
BRDA:788,201,1,0
BRDA:789,202,0,0
BRDA:789,202,1,0
BRDA:792,203,0,0
BRDA:792,203,1,0
BRDA:792,204,0,0
BRDA:792,204,1,0
BRDA:793,205,0,0
BRDA:793,205,1,0
BRDA:833,206,0,0
BRDA:833,206,1,0
BRDA:835,207,0,0
BRDA:835,207,1,0
BRDA:836,208,0,0
BRDA:836,208,1,0
BRDA:840,209,0,0
BRDA:840,209,1,0
BRDA:841,210,0,0
BRDA:841,210,1,0
BRDA:841,211,0,0
BRDA:841,211,1,0
BRDA:842,212,0,0
BRDA:842,212,1,0
BRDA:843,213,0,0
BRDA:843,213,1,0
BRDA:857,214,0,0
BRDA:857,214,1,0
BRDA:869,215,0,0
BRDA:869,215,1,0
BRDA:870,216,0,0
BRDA:870,216,1,0
BRDA:893,217,0,0
BRDA:893,217,1,0
BRDA:897,218,0,0
BRDA:897,218,1,0
BRDA:898,219,0,0
BRDA:898,219,1,0
BRDA:898,220,0,0
BRDA:898,220,1,0
BRDA:899,221,0,0
BRDA:899,221,1,0
BRDA:940,222,0,0
BRDA:940,222,1,0
BRDA:940,223,0,0
BRDA:940,223,1,0
BRDA:963,224,0,0
BRDA:963,224,1,0
BRDA:967,225,0,0
BRDA:967,225,1,0
BRDA:974,226,0,0
BRDA:974,226,1,0
BRDA:978,227,0,0
BRDA:978,227,1,0
BRDA:978,228,0,0
BRDA:978,228,1,0
BRDA:979,229,0,0
BRDA:979,229,1,0
BRDA:979,230,0,0
BRDA:979,230,1,0
BRDA:980,231,0,0
BRDA:980,231,1,0
BRDA:984,232,0,0
BRDA:984,232,1,0
BRDA:985,233,0,0
BRDA:985,233,1,0
BRDA:985,234,0,0
BRDA:985,234,1,0
BRDA:991,235,0,0
BRDA:991,235,1,0
BRDA:995,236,0,0
BRDA:995,236,1,0
BRDA:995,237,0,0
BRDA:995,237,1,0
BRDA:996,238,0,0
BRDA:996,238,1,0
BRDA:996,239,0,0
BRDA:996,239,1,0
BRDA:1005,240,0,0
BRDA:1005,240,1,0
BRDA:1005,241,0,0
BRDA:1005,241,1,0
BRDA:1013,242,0,0
BRDA:1013,242,1,0
BRDA:1013,243,0,0
BRDA:1013,243,1,0
BRDA:1023,244,0,0
BRDA:1023,244,1,0
BRDA:1024,245,0,0
BRDA:1024,245,1,0
BRDA:1024,246,0,0
BRDA:1024,246,1,0
BRDA:1026,247,0,0
BRDA:1026,247,1,0
BRDA:1026,248,0,0
BRDA:1026,248,1,0
BRDA:1027,249,0,0
BRDA:1027,249,1,0
BRF:498
BRH:0
end_of_record
TN:
SF:mcp/filesystem-server.js
FN:23,(anonymous_0)
FN:28,(anonymous_1)
FN:33,(anonymous_2)
FN:34,(anonymous_3)
FNF:4
FNH:0
FNDA:0,(anonymous_0)
FNDA:0,(anonymous_1)
FNDA:0,(anonymous_2)
FNDA:0,(anonymous_3)
DA:8,0
DA:10,0
DA:13,0
DA:23,0
DA:24,0
DA:25,0
DA:28,0
DA:29,0
DA:30,0
DA:33,0
DA:34,0
LF:11
LH:0
BRDA:10,0,0,0
BRDA:10,0,1,0
BRDA:30,1,0,0
BRDA:30,1,1,0
BRF:4
BRH:0
end_of_record
TN:
SF:mcp/http-bridge.js
FN:22,(anonymous_0)
FN:30,(anonymous_1)
FN:37,(anonymous_2)
FN:47,(anonymous_3)
FN:58,(anonymous_4)
FN:70,(anonymous_5)
FN:74,(anonymous_6)
FN:85,(anonymous_7)
FN:89,(anonymous_8)
FN:104,(anonymous_9)
FN:114,(anonymous_10)
FN:128,(anonymous_11)
FN:148,(anonymous_12)
FN:164,(anonymous_13)
FNF:14
FNH:0
FNDA:0,(anonymous_0)
FNDA:0,(anonymous_1)
FNDA:0,(anonymous_2)
FNDA:0,(anonymous_3)
FNDA:0,(anonymous_4)
FNDA:0,(anonymous_5)
FNDA:0,(anonymous_6)
FNDA:0,(anonymous_7)
FNDA:0,(anonymous_8)
FNDA:0,(anonymous_9)
FNDA:0,(anonymous_10)
FNDA:0,(anonymous_11)
FNDA:0,(anonymous_12)
FNDA:0,(anonymous_13)
DA:7,0
DA:9,0
DA:10,0
DA:11,0
DA:12,0
DA:14,0
DA:16,0
DA:17,0
DA:19,0
DA:20,0
DA:22,0
DA:23,0
DA:24,0
DA:25,0
DA:27,0
DA:30,0
DA:31,0
DA:32,0
DA:33,0
DA:34,0
DA:37,0
DA:38,0
DA:47,0
DA:48,0
DA:49,0
DA:50,0
DA:51,0
DA:52,0
DA:54,0
DA:58,0
DA:59,0
DA:60,0
DA:61,0
DA:62,0
DA:63,0
DA:64,0
DA:66,0
DA:70,0
DA:71,0
DA:72,0
DA:73,0
DA:74,0
DA:79,0
DA:81,0
DA:85,0
DA:86,0
DA:87,0
DA:88,0
DA:89,0
DA:90,0
DA:92,0
DA:98,0
DA:100,0
DA:104,0
DA:105,0
DA:106,0
DA:107,0
DA:108,0
DA:110,0
DA:114,0
DA:115,0
DA:116,0
DA:117,0
DA:118,0
DA:122,0
DA:124,0
DA:128,0
DA:129,0
DA:130,0
DA:135,0
DA:136,0
DA:137,0
DA:144,0
DA:148,0
DA:149,0
DA:150,0
DA:151,0
DA:152,0
DA:153,0
DA:154,0
DA:156,0
DA:157,0
DA:158,0
DA:160,0
DA:164,0
DA:165,0
DA:166,0
LF:87
LH:0
BRDA:7,0,0,0
BRDA:7,0,1,0
BRDA:14,1,0,0
BRDA:14,1,1,0
BRDA:16,2,0,0
BRDA:16,2,1,0
BRDA:17,3,0,0
BRDA:17,3,1,0
BRDA:24,4,0,0
BRDA:24,4,1,0
BRDA:31,5,0,0
BRDA:31,5,1,0
BRDA:32,6,0,0
BRDA:32,6,1,0
BRDA:33,7,0,0
BRDA:33,7,1,0
BRDA:49,8,0,0
BRDA:49,8,1,0
BRDA:60,9,0,0
BRDA:60,9,1,0
BRDA:72,10,0,0
BRDA:72,11,0,0
BRDA:72,11,1,0
BRDA:76,12,0,0
BRDA:76,12,1,0
BRDA:77,13,0,0
BRDA:77,13,1,0
BRDA:87,14,0,0
BRDA:87,15,0,0
BRDA:87,15,1,0
BRDA:89,16,0,0
BRDA:89,16,1,0
BRDA:116,17,0,0
BRDA:116,18,0,0
BRDA:116,18,1,0
BRDA:135,19,0,0
BRDA:135,19,1,0
BRDA:138,20,0,0
BRDA:138,20,1,0
BRDA:139,21,0,0
BRDA:139,21,1,0
BRDA:140,22,0,0
BRDA:140,22,1,0
BRDA:140,23,0,0
BRDA:140,23,1,0
BRDA:150,24,0,0
BRDA:150,24,1,0
BRDA:153,25,0,0
BRDA:153,25,1,0
BRF:49
BRH:0
end_of_record
TN:
SF:mcp/server.js
FN:10,(anonymous_0)
FN:14,(anonymous_1)
FN:23,(anonymous_2)
FN:27,(anonymous_3)
FN:36,(anonymous_4)
FN:46,(anonymous_5)
FN:59,(anonymous_6)
FN:63,(anonymous_7)
FN:64,(anonymous_8)
FN:69,(anonymous_9)
FNF:10
FNH:9
FNDA:7,(anonymous_0)
FNDA:6,(anonymous_1)
FNDA:1,(anonymous_2)
FNDA:1,(anonymous_3)
FNDA:1,(anonymous_4)
FNDA:2,(anonymous_5)
FNDA:1,(anonymous_6)
FNDA:1,(anonymous_7)
FNDA:1,(anonymous_8)
FNDA:0,(anonymous_9)
DA:1,2
DA:3,2
DA:4,2
DA:5,2
DA:6,2
DA:8,2
DA:10,2
DA:11,7
DA:12,7
DA:14,7
DA:15,6
DA:16,5
DA:17,5
DA:18,1
DA:20,4
DA:23,7
DA:24,1
DA:27,7
DA:28,1
DA:29,1
DA:30,1
DA:32,0
DA:36,7
DA:37,1
DA:38,1
DA:39,1
DA:40,1
DA:42,0
DA:46,7
DA:47,2
DA:48,2
DA:49,2
DA:50,1
DA:52,0
DA:56,7
DA:59,2
DA:60,1
DA:61,1
DA:62,1
DA:63,1
DA:64,1
DA:68,2
DA:69,0
DA:70,0
DA:74,2
LF:45
LH:40
BRDA:1,0,0,2
BRDA:1,0,1,2
BRDA:8,1,0,2
BRDA:8,1,1,2
BRDA:15,2,0,1
BRDA:15,2,1,5
BRDA:16,3,0,5
BRDA:16,3,1,1
BRDA:17,4,0,1
BRDA:17,4,1,4
BRDA:29,5,0,1
BRDA:29,5,1,0
BRDA:38,6,0,1
BRDA:38,6,1,0
BRDA:39,7,0,0
BRDA:39,7,1,1
BRDA:48,8,0,2
BRDA:48,8,1,0
BRDA:49,9,0,1
BRDA:49,9,1,1
BRDA:59,10,0,0
BRDA:68,11,0,0
BRDA:68,11,1,2
BRF:23
BRH:17
end_of_record
TN:
SF:mcp/lib/sqlGuard.js
FN:6,validateSelectOnly
FN:13,(anonymous_1)
FN:18,(anonymous_2)
FN:27,validateConfigParam
FNF:4
FNH:4
FNDA:7,validateSelectOnly
FNDA:7,(anonymous_1)
FNDA:21,(anonymous_2)
FNDA:6,validateConfigParam
DA:4,2
DA:7,7
DA:8,7
DA:9,2
DA:12,5
DA:13,7
DA:14,5
DA:15,2
DA:18,21
DA:19,0
DA:22,3
DA:25,2
DA:28,6
DA:29,3
DA:31,3
DA:34,2
LF:16
LH:15
BRDA:8,0,0,2
BRDA:8,0,1,5
BRDA:14,1,0,2
BRDA:14,1,1,3
BRDA:18,2,0,0
BRDA:18,2,1,3
BRDA:28,3,0,3
BRDA:28,3,1,3
BRF:8
BRH:7
end_of_record
TN:
SF:mcp/lib/tools.js
FN:9,getPnl
FN:34,runQuery
FN:45,setConfig
FNF:3
FNH:3
FNDA:2,getPnl
FNDA:3,runQuery
FNDA:4,setConfig
DA:1,2
DA:3,2
DA:10,2
DA:11,2
DA:12,2
DA:13,2
DA:14,2
DA:15,2
DA:17,2
DA:31,2
DA:35,3
DA:36,3
DA:37,2
DA:38,2
DA:42,2
DA:46,4
DA:47,4
DA:48,2
DA:49,2
DA:53,2
DA:56,2
LF:21
LH:21
BRDA:9,0,0,1
BRDA:10,1,0,2
BRDA:10,1,1,0
BRDA:13,2,0,2
BRDA:13,2,1,0
BRDA:36,3,0,1
BRDA:36,3,1,2
BRDA:47,4,0,2
BRDA:47,4,1,2
BRF:9
BRH:7
end_of_record
TN:
SF:src/atr.js
FN:7,(anonymous_0)
FN:8,(anonymous_1)
FN:15,(anonymous_2)
FN:29,(anonymous_3)
FN:32,(anonymous_4)
FNF:5
FNH:5
FNDA:2,(anonymous_0)
FNDA:30,(anonymous_1)
FNDA:2,(anonymous_2)
FNDA:28,(anonymous_3)
FNDA:2,(anonymous_4)
DA:3,1
DA:4,1
DA:5,1
DA:7,1
DA:8,30
DA:15,1
DA:16,2
DA:17,2
DA:18,28
DA:19,28
DA:20,28
DA:25,28
DA:27,2
DA:28,2
DA:29,28
DA:32,1
DA:33,2
DA:34,2
DA:35,2
DA:36,1
DA:39,1
DA:43,1
DA:44,1
DA:45,1
DA:46,1
DA:49,1
LF:26
LH:26
BRDA:28,0,0,0
BRDA:28,0,1,2
BRDA:35,1,0,1
BRDA:35,1,1,1
BRF:4
BRH:3
end_of_record
TN:
SF:src/bot.js
FN:31,(anonymous_0)
FN:37,(anonymous_1)
FN:39,(anonymous_2)
FN:46,(anonymous_3)
FN:46,(anonymous_4)
FN:48,(anonymous_5)
FN:55,(anonymous_6)
FN:68,(anonymous_7)
FN:157,(anonymous_8)
FN:176,(anonymous_9)
FN:177,(anonymous_10)
FN:178,(anonymous_11)
FN:179,(anonymous_12)
FN:189,(anonymous_13)
FN:224,(anonymous_14)
FNF:15
FNH:9
FNDA:3,(anonymous_0)
FNDA:1,(anonymous_1)
FNDA:2,(anonymous_2)
FNDA:5,(anonymous_3)
FNDA:5,(anonymous_4)
FNDA:2,(anonymous_5)
FNDA:1,(anonymous_6)
FNDA:9,(anonymous_7)
FNDA:1,(anonymous_8)
FNDA:0,(anonymous_9)
FNDA:0,(anonymous_10)
FNDA:0,(anonymous_11)
FNDA:0,(anonymous_12)
FNDA:0,(anonymous_13)
FNDA:0,(anonymous_14)
DA:5,1
DA:6,1
DA:7,1
DA:8,1
DA:10,1
DA:11,1
DA:12,1
DA:13,1
DA:14,1
DA:15,1
DA:16,1
DA:17,1
DA:18,1
DA:20,1
DA:29,1
DA:31,1
DA:32,3
DA:33,33
DA:37,1
DA:40,2
DA:46,5
DA:48,1
DA:49,2
DA:52,2
DA:55,1
DA:56,1
DA:57,1
DA:58,1
DA:59,1
DA:60,1
DA:61,1
DA:62,1
DA:64,0
DA:68,1
DA:72,9
DA:73,9
DA:75,9
DA:76,1
DA:77,1
DA:79,8
DA:80,1
DA:81,1
DA:84,7
DA:86,7
DA:87,7
DA:88,2
DA:89,2
DA:90,2
DA:93,5
DA:94,5
DA:95,5
DA:96,5
DA:98,5
DA:99,5
DA:101,5
DA:103,5
DA:104,5
DA:105,5
DA:107,5
DA:108,5
DA:109,1
DA:110,1
DA:111,1
DA:112,1
DA:115,4
DA:118,4
DA:120,4
DA:124,4
DA:130,4
DA:132,4
DA:133,4
DA:134,4
DA:135,4
DA:137,4
DA:146,4
DA:148,4
DA:149,1
DA:151,3
DA:154,4
DA:157,1
DA:158,1
DA:159,0
DA:161,1
DA:163,1
DA:164,1
DA:165,1
DA:166,1
DA:167,1
DA:168,1
DA:169,1
DA:171,1
DA:172,1
DA:173,1
DA:174,1
DA:176,1
DA:177,0
DA:178,1
DA:179,1
DA:181,1
DA:182,1
DA:184,1
DA:185,1
DA:187,1
DA:188,1
DA:189,1
DA:190,0
DA:191,0
DA:192,0
DA:193,0
DA:196,1
DA:204,1
DA:205,1
DA:206,1
DA:207,1
DA:208,1
DA:209,1
DA:210,1
DA:213,0
DA:214,0
DA:215,0
DA:217,0
DA:218,0
DA:223,1
DA:224,0
DA:225,0
DA:226,0
DA:230,1
LF:127
LH:112
BRDA:33,0,0,1
BRDA:33,0,1,32
BRDA:38,1,0,1
BRDA:38,1,1,0
BRDA:49,2,0,2
BRDA:49,2,1,0
BRDA:75,3,0,1
BRDA:75,3,1,8
BRDA:76,4,0,1
BRDA:76,4,1,0
BRDA:79,5,0,1
BRDA:79,5,1,7
BRDA:80,6,0,1
BRDA:80,6,1,0
BRDA:87,7,0,2
BRDA:87,7,1,5
BRDA:89,8,0,2
BRDA:89,8,1,0
BRDA:108,9,0,1
BRDA:108,9,1,4
BRDA:108,10,0,5
BRDA:108,10,1,5
BRDA:111,11,0,1
BRDA:111,11,1,0
BRDA:120,12,0,3
BRDA:120,12,1,1
BRDA:139,13,0,4
BRDA:139,13,1,0
BRDA:142,14,0,4
BRDA:142,14,1,0
BRDA:148,15,0,1
BRDA:148,15,1,3
BRDA:157,16,0,0
BRDA:158,17,0,0
BRDA:158,17,1,1
BRDA:159,18,0,0
BRDA:159,18,1,0
BRDA:167,19,0,1
BRDA:167,19,1,1
BRDA:168,20,0,1
BRDA:168,20,1,1
BRDA:192,21,0,0
BRDA:192,21,1,0
BRDA:193,22,0,0
BRDA:193,22,1,0
BRDA:204,23,0,1
BRDA:204,23,1,0
BRDA:223,24,0,0
BRDA:223,24,1,1
BRF:49
BRH:31
end_of_record
TN:
SF:src/correlation.js
FN:21,(anonymous_0)
FN:28,(anonymous_1)
FN:29,(anonymous_2)
FN:30,(anonymous_3)
FN:31,(anonymous_4)
FN:32,(anonymous_5)
FN:38,(anonymous_6)
FNF:7
FNH:7
FNDA:7,(anonymous_0)
FNDA:78,(anonymous_1)
FNDA:78,(anonymous_2)
FNDA:78,(anonymous_3)
FNDA:78,(anonymous_4)
FNDA:78,(anonymous_5)
FNDA:2,(anonymous_6)
DA:3,2
DA:5,2
DA:11,2
DA:15,2
DA:21,2
DA:22,7
DA:23,7
DA:24,7
DA:26,6
DA:27,6
DA:28,78
DA:29,78
DA:30,78
DA:31,78
DA:32,78
DA:34,6
DA:35,6
DA:38,2
DA:39,2
DA:40,2
DA:41,2
DA:42,2
DA:43,2
DA:44,2
DA:45,1
DA:48,1
DA:52,1
DA:55,2
LF:28
LH:28
BRDA:6,0,0,2
BRDA:6,0,1,0
BRDA:12,1,0,2
BRDA:12,1,1,2
BRDA:21,2,0,0
BRDA:24,3,0,1
BRDA:24,3,1,6
BRDA:24,4,0,7
BRDA:24,4,1,6
BRDA:34,5,0,0
BRDA:34,5,1,6
BRDA:34,6,0,6
BRDA:34,6,1,6
BRDA:39,7,0,2
BRDA:39,7,1,0
BRDA:41,8,0,0
BRDA:41,8,1,2
BRDA:42,9,0,2
BRDA:42,9,1,0
BRDA:44,10,0,1
BRDA:44,10,1,1
BRF:21
BRH:15
end_of_record
TN:
SF:src/health.js
FN:17,(anonymous_0)
FN:21,(anonymous_1)
FN:25,(anonymous_2)
FN:32,(anonymous_3)
FN:47,(anonymous_4)
FN:66,(anonymous_5)
FN:68,(anonymous_6)
FN:71,(anonymous_7)
FN:79,(anonymous_8)
FN:82,(anonymous_9)
FN:109,(anonymous_10)
FN:111,(anonymous_11)
FN:112,(anonymous_12)
FN:116,(anonymous_13)
FN:118,(anonymous_14)
FNF:15
FNH:13
FNDA:6,(anonymous_0)
FNDA:7,(anonymous_1)
FNDA:6,(anonymous_2)
FNDA:1,(anonymous_3)
FNDA:1,(anonymous_4)
FNDA:0,(anonymous_5)
FNDA:0,(anonymous_6)
FNDA:2,(anonymous_7)
FNDA:1,(anonymous_8)
FNDA:2,(anonymous_9)
FNDA:1,(anonymous_10)
FNDA:1,(anonymous_11)
FNDA:1,(anonymous_12)
FNDA:1,(anonymous_13)
FNDA:1,(anonymous_14)
DA:3,1
DA:4,1
DA:5,1
DA:7,1
DA:13,1
DA:14,1
DA:15,1
DA:17,1
DA:18,6
DA:21,1
DA:22,7
DA:23,7
DA:25,7
DA:26,6
DA:27,6
DA:28,6
DA:29,6
DA:32,7
DA:33,1
DA:34,1
DA:38,1
DA:47,7
DA:48,1
DA:49,1
DA:50,1
DA:51,1
DA:52,1
DA:53,1
DA:54,1
DA:55,1
DA:66,7
DA:67,0
DA:68,0
DA:71,7
DA:72,2
DA:73,2
DA:74,1
DA:75,1
DA:77,1
DA:78,1
DA:79,1
DA:82,7
DA:83,2
DA:84,2
DA:85,0
DA:88,2
DA:89,2
DA:91,2
DA:92,1
DA:93,1
DA:94,1
DA:95,1
DA:96,1
DA:97,1
DA:100,1
DA:101,1
DA:102,1
DA:103,1
DA:106,7
DA:109,1
DA:110,1
DA:111,1
DA:112,1
DA:116,1
DA:117,1
DA:118,1
DA:119,1
DA:123,1
LF:68
LH:65
BRDA:8,0,0,1
BRDA:8,0,1,0
BRDA:33,1,0,1
BRDA:33,1,1,0
BRDA:42,2,0,1
BRDA:42,2,1,1
BRDA:48,3,0,1
BRDA:48,3,1,0
BRDA:51,4,0,1
BRDA:51,4,1,0
BRDA:52,5,0,0
BRDA:52,5,1,1
BRDA:54,6,0,1
BRDA:54,6,1,0
BRDA:62,7,0,1
BRDA:62,7,1,0
BRDA:73,8,0,1
BRDA:73,8,1,1
BRDA:84,9,0,0
BRDA:84,9,1,2
BRDA:89,10,0,2
BRDA:89,10,1,0
BRDA:91,11,0,1
BRDA:91,11,1,1
BRDA:117,12,0,1
BRDA:117,12,1,0
BRF:26
BRH:16
end_of_record
TN:
SF:src/journal.js
FN:15,(anonymous_0)
FN:23,(anonymous_1)
FN:30,(anonymous_2)
FN:43,(anonymous_3)
FN:50,(anonymous_4)
FN:72,(anonymous_5)
FN:85,(anonymous_6)
FN:99,(anonymous_7)
FN:108,(anonymous_8)
FN:121,(anonymous_9)
FN:125,(anonymous_10)
FN:129,(anonymous_11)
FNF:12
FNH:12
FNDA:3,(anonymous_0)
FNDA:1,(anonymous_1)
FNDA:1,(anonymous_2)
FNDA:1,(anonymous_3)
FNDA:2,(anonymous_4)
FNDA:1,(anonymous_5)
FNDA:1,(anonymous_6)
FNDA:1,(anonymous_7)
FNDA:1,(anonymous_8)
FNDA:1,(anonymous_9)
FNDA:1,(anonymous_10)
FNDA:1,(anonymous_11)
DA:3,3
DA:4,3
DA:5,3
DA:7,3
DA:13,3
DA:15,3
DA:16,3
DA:17,0
DA:18,0
DA:20,0
DA:23,3
DA:24,1
DA:30,3
DA:31,1
DA:39,1
DA:40,1
DA:43,3
DA:44,1
DA:50,3
DA:51,2
DA:66,2
DA:67,2
DA:68,1
DA:72,3
DA:73,1
DA:74,1
DA:75,0
DA:76,0
DA:78,1
DA:85,3
DA:86,1
DA:87,1
DA:88,1
DA:92,1
DA:99,3
DA:100,1
DA:101,1
DA:102,1
DA:108,3
DA:109,1
DA:118,1
DA:121,3
DA:122,1
DA:125,3
DA:126,1
DA:129,3
DA:130,1
DA:136,1
DA:137,1
DA:138,1
DA:139,4
DA:140,4
DA:141,2
DA:143,1
DA:144,1
DA:147,3
LF:56
LH:51
BRDA:8,0,0,3
BRDA:8,0,1,0
BRDA:16,1,0,3
BRDA:16,1,1,0
BRDA:17,2,0,0
BRDA:17,2,1,0
BRDA:17,3,0,0
BRDA:17,3,1,0
BRDA:23,4,0,0
BRDA:67,5,0,1
BRDA:67,5,1,1
BRDA:72,6,0,0
BRDA:74,7,0,0
BRDA:74,7,1,1
BRDA:85,8,0,0
BRDA:87,9,0,0
BRDA:87,9,1,1
BRDA:99,10,0,0
BRDA:101,11,0,0
BRDA:101,11,1,1
BRDA:122,12,0,1
BRDA:122,12,1,0
BRDA:126,13,0,1
BRDA:126,13,1,0
BRDA:129,14,0,1
BRDA:140,15,0,2
BRDA:140,15,1,2
BRDA:143,16,0,0
BRDA:143,16,1,1
BRDA:143,17,0,0
BRDA:143,17,1,0
BRF:31
BRH:13
end_of_record
TN:
SF:src/kelly.js
FN:9,(anonymous_0)
FN:24,(anonymous_1)
FN:39,(anonymous_2)
FNF:3
FNH:3
FNDA:4,(anonymous_0)
FNDA:2,(anonymous_1)
FNDA:100,(anonymous_2)
DA:9,1
DA:10,4
DA:11,4
DA:12,4
DA:24,1
DA:25,2
DA:26,2
DA:28,2
DA:29,1
DA:32,1
DA:39,100
DA:40,1
DA:41,1
DA:42,1
DA:45,1
LF:15
LH:15
BRDA:26,0,0,2
BRDA:26,0,1,0
BRDA:28,1,0,1
BRDA:28,1,1,1
BRF:4
BRH:3
end_of_record
TN:
SF:src/monitor.js
FN:14,(anonymous_0)
FN:14,(anonymous_1)
FN:20,(anonymous_2)
FN:26,(anonymous_3)
FN:32,(anonymous_4)
FN:58,(anonymous_5)
FN:75,(anonymous_6)
FN:80,(anonymous_7)
FN:89,(anonymous_8)
FN:99,(anonymous_9)
FN:107,(anonymous_10)
FN:110,(anonymous_11)
FN:110,(anonymous_12)
FN:114,(anonymous_13)
FN:122,(anonymous_14)
FN:127,(anonymous_15)
FN:140,(anonymous_16)
FN:146,(anonymous_17)
FN:152,(anonymous_18)
FN:153,(anonymous_19)
FN:163,(anonymous_20)
FN:169,(anonymous_21)
FN:176,(anonymous_22)
FN:186,(anonymous_23)
FNF:24
FNH:16
FNDA:4,(anonymous_0)
FNDA:4,(anonymous_1)
FNDA:2,(anonymous_2)
FNDA:6,(anonymous_3)
FNDA:3,(anonymous_4)
FNDA:2,(anonymous_5)
FNDA:1,(anonymous_6)
FNDA:2,(anonymous_7)
FNDA:2,(anonymous_8)
FNDA:0,(anonymous_9)
FNDA:6,(anonymous_10)
FNDA:6,(anonymous_11)
FNDA:6,(anonymous_12)
FNDA:1,(anonymous_13)
FNDA:6,(anonymous_14)
FNDA:0,(anonymous_15)
FNDA:0,(anonymous_16)
FNDA:2,(anonymous_17)
FNDA:0,(anonymous_18)
FNDA:0,(anonymous_19)
FNDA:0,(anonymous_20)
FNDA:0,(anonymous_21)
FNDA:0,(anonymous_22)
FNDA:2,(anonymous_23)
DA:3,1
DA:4,1
DA:5,1
DA:6,1
DA:8,1
DA:14,4
DA:16,1
DA:17,1
DA:18,1
DA:20,1
DA:21,2
DA:26,1
DA:27,6
DA:32,1
DA:35,3
DA:36,3
DA:38,3
DA:39,1
DA:42,1
DA:45,2
DA:46,2
DA:47,2
DA:49,2
DA:58,1
DA:59,2
DA:60,2
DA:61,2
DA:63,2
DA:64,5
DA:65,5
DA:66,1
DA:67,1
DA:69,4
DA:72,1
DA:75,1
DA:76,1
DA:77,1
DA:80,1
DA:81,2
DA:82,2
DA:83,1
DA:84,1
DA:85,1
DA:89,1
DA:90,2
DA:91,2
DA:96,2
DA:99,1
DA:100,0
DA:101,0
DA:107,1
DA:108,6
DA:110,6
DA:111,6
DA:112,6
DA:114,6
DA:115,1
DA:116,1
DA:118,1
DA:122,6
DA:123,6
DA:124,6
DA:127,6
DA:128,0
DA:129,0
DA:130,0
DA:131,0
DA:133,0
DA:134,0
DA:135,0
DA:136,0
DA:137,0
DA:140,6
DA:143,6
DA:146,1
DA:147,2
DA:149,2
DA:150,2
DA:152,2
DA:153,0
DA:154,0
DA:158,0
DA:161,2
DA:163,0
DA:167,2
DA:169,0
DA:173,2
DA:174,2
DA:177,0
DA:178,0
DA:186,1
DA:187,2
DA:188,2
DA:189,2
DA:191,2
DA:192,6
DA:194,2
DA:195,2
DA:198,1
LF:99
LH:81
BRDA:9,0,0,1
BRDA:9,0,1,0
BRDA:21,1,0,0
BRDA:21,1,1,2
BRDA:27,2,0,0
BRDA:27,2,1,6
BRDA:38,3,0,1
BRDA:38,3,1,2
BRDA:38,4,0,3
BRDA:38,4,1,3
BRDA:38,4,2,2
BRDA:45,5,0,2
BRDA:45,5,1,0
BRDA:45,6,0,2
BRDA:45,6,1,2
BRDA:45,6,2,2
BRDA:46,7,0,2
BRDA:46,7,1,0
BRDA:47,8,0,1
BRDA:47,8,1,1
BRDA:58,9,0,0
BRDA:65,10,0,1
BRDA:65,10,1,4
BRDA:82,11,0,1
BRDA:82,11,1,1
BRDA:107,12,0,6
BRDA:128,13,0,0
BRDA:128,13,1,0
BRDA:149,14,0,2
BRDA:149,14,1,0
BRDA:173,15,0,2
BRDA:173,15,1,0
BRDA:177,16,0,0
BRDA:177,16,1,0
BRDA:187,17,0,2
BRDA:187,17,1,0
BRDA:192,18,0,0
BRDA:192,18,1,6
BRF:38
BRH:24
end_of_record
TN:
SF:src/notify.js
FN:3,(anonymous_0)
FN:11,(anonymous_1)
FNF:2
FNH:0
FNDA:0,(anonymous_0)
FNDA:0,(anonymous_1)
DA:3,2
DA:4,0
DA:5,0
DA:8,0
DA:11,2
DA:12,0
DA:13,0
DA:15,0
DA:16,0
DA:19,2
LF:10
LH:3
BRDA:4,0,0,0
BRDA:4,0,1,0
BRDA:4,1,0,0
BRDA:4,1,1,0
BRDA:12,2,0,0
BRDA:12,2,1,0
BRF:6
BRH:0
end_of_record
TN:
SF:src/order.js
FN:14,(anonymous_0)
FN:14,(anonymous_1)
FN:16,(anonymous_2)
FN:21,(anonymous_3)
FN:27,(anonymous_4)
FN:32,(anonymous_5)
FN:38,(anonymous_6)
FN:53,(anonymous_7)
FN:58,(anonymous_8)
FN:59,(anonymous_9)
FN:60,(anonymous_10)
FN:69,(anonymous_11)
FN:85,(anonymous_12)
FN:91,(anonymous_13)
FN:98,(anonymous_14)
FN:110,(anonymous_15)
FN:121,(anonymous_16)
FN:133,(anonymous_17)
FN:190,(anonymous_18)
FN:213,(anonymous_19)
FNF:20
FNH:20
FNDA:1,(anonymous_0)
FNDA:1,(anonymous_1)
FNDA:33,(anonymous_2)
FNDA:6,(anonymous_3)
FNDA:13,(anonymous_4)
FNDA:3,(anonymous_5)
FNDA:14,(anonymous_6)
FNDA:1,(anonymous_7)
FNDA:1,(anonymous_8)
FNDA:1,(anonymous_9)
FNDA:2,(anonymous_10)
FNDA:4,(anonymous_11)
FNDA:4,(anonymous_12)
FNDA:1,(anonymous_13)
FNDA:2,(anonymous_14)
FNDA:1,(anonymous_15)
FNDA:2,(anonymous_16)
FNDA:3,(anonymous_17)
FNDA:3,(anonymous_18)
FNDA:1,(anonymous_19)
DA:3,1
DA:4,1
DA:5,1
DA:6,1
DA:8,1
DA:14,1
DA:16,1
DA:17,33
DA:18,33
DA:21,1
DA:22,6
DA:23,6
DA:24,6
DA:27,1
DA:28,13
DA:29,13
DA:32,1
DA:33,3
DA:38,1
DA:39,14
DA:41,1
DA:42,1
DA:43,1
DA:44,1
DA:45,1
DA:46,1
DA:47,1
DA:50,1
DA:53,1
DA:54,1
DA:55,1
DA:58,1
DA:59,1
DA:60,2
DA:61,1
DA:62,1
DA:69,1
DA:70,4
DA:71,4
DA:72,4
DA:74,4
DA:75,3
DA:76,3
DA:77,2
DA:78,2
DA:80,1
DA:82,2
DA:85,1
DA:86,4
DA:91,1
DA:92,1
DA:93,1
DA:94,2
DA:98,1
DA:99,2
DA:100,1
DA:102,1
DA:103,1
DA:107,1
DA:110,1
DA:111,1
DA:112,1
DA:113,1
DA:121,1
DA:122,2
DA:123,2
DA:124,2
DA:125,1
DA:126,1
DA:127,1
DA:128,1
DA:130,1
DA:133,1
DA:134,3
DA:135,1
DA:136,1
DA:137,1
DA:140,2
DA:141,2
DA:143,2
DA:152,2
DA:153,2
DA:155,2
DA:156,1
DA:157,1
DA:159,1
DA:166,1
DA:167,1
DA:168,1
DA:170,1
DA:180,1
DA:190,1
DA:191,3
DA:192,3
DA:194,3
DA:210,3
DA:213,1
DA:214,1
DA:215,1
DA:216,1
DA:217,1
DA:218,1
DA:220,1
DA:232,1
LF:104
LH:104
BRDA:9,0,0,1
BRDA:9,0,1,0
BRDA:18,1,0,33
BRDA:18,1,1,0
BRDA:33,2,0,2
BRDA:33,2,1,1
BRDA:39,3,0,13
BRDA:39,3,1,1
BRDA:54,4,0,1
BRDA:54,4,1,0
BRDA:61,5,0,1
BRDA:61,5,1,0
BRDA:76,6,0,2
BRDA:76,6,1,1
BRDA:99,7,0,1
BRDA:99,7,1,1
BRDA:100,8,0,1
BRDA:100,8,1,0
BRDA:111,9,0,1
BRDA:111,9,1,0
BRDA:123,10,0,2
BRDA:123,10,1,0
BRDA:124,11,0,1
BRDA:124,11,1,1
BRDA:134,12,0,1
BRDA:134,12,1,2
BRDA:152,13,0,2
BRDA:152,13,1,1
BRDA:155,14,0,1
BRDA:155,14,1,1
BRDA:168,15,0,0
BRDA:168,15,1,1
BRF:32
BRH:24
end_of_record
TN:
SF:src/protection.js
FN:13,(anonymous_0)
FN:17,(anonymous_1)
FN:21,(anonymous_2)
FN:28,(anonymous_3)
FN:58,(anonymous_4)
FNF:5
FNH:5
FNDA:1,(anonymous_0)
FNDA:1,(anonymous_1)
FNDA:1,(anonymous_2)
FNDA:3,(anonymous_3)
FNDA:1,(anonymous_4)
DA:3,1
DA:4,1
DA:5,1
DA:7,1
DA:13,1
DA:14,1
DA:17,1
DA:18,1
DA:21,1
DA:22,1
DA:23,1
DA:24,1
DA:25,1
DA:28,1
DA:29,3
DA:31,3
DA:32,3
DA:33,1
DA:34,1
DA:35,1
DA:38,3
DA:39,3
DA:40,3
DA:41,1
DA:42,1
DA:43,1
DA:46,3
DA:47,3
DA:48,3
DA:49,9
DA:51,3
DA:52,1
DA:53,1
DA:54,1
DA:58,1
DA:59,1
DA:60,1
DA:62,1
DA:63,1
DA:65,1
DA:66,1
DA:67,1
DA:68,1
DA:69,1
DA:70,1
DA:71,1
DA:72,1
DA:76,1
LF:48
LH:48
BRDA:8,0,0,1
BRDA:8,0,1,0
BRDA:32,1,0,1
BRDA:32,1,1,2
BRDA:32,2,0,3
BRDA:32,2,1,0
BRDA:39,3,0,3
BRDA:39,3,1,0
BRDA:40,4,0,1
BRDA:40,4,1,2
BRDA:51,5,0,1
BRDA:51,5,1,2
BRDA:60,6,0,0
BRDA:60,6,1,1
BRDA:62,7,0,1
BRDA:62,7,1,0
BRDA:65,8,0,1
BRDA:65,8,1,0
BRF:18
BRH:12
end_of_record
TN:
SF:src/regime.js
FN:12,(anonymous_0)
FN:23,(anonymous_1)
FN:48,(anonymous_2)
FNF:3
FNH:3
FNDA:7,(anonymous_0)
FNDA:4,(anonymous_1)
FNDA:3,(anonymous_2)
DA:3,1
DA:4,1
DA:6,1
DA:12,1
DA:13,7
DA:14,7
DA:15,7
DA:16,7
DA:17,7
DA:18,73
DA:20,7
DA:23,1
DA:24,4
DA:25,4
DA:27,3
DA:28,3
DA:29,3
DA:30,3
DA:32,3
DA:33,3
DA:34,3
DA:35,0
DA:36,0
DA:37,0
DA:40,3
DA:41,3
DA:42,3
DA:43,2
DA:44,1
DA:45,0
DA:48,1
DA:49,3
DA:51,3
DA:52,1
DA:53,1
DA:54,1
DA:57,2
DA:58,2
DA:59,1
DA:60,1
DA:63,1
DA:64,1
DA:65,1
DA:67,1
DA:68,1
DA:72,1
DA:73,0
DA:76,1
DA:79,1
LF:49
LH:44
BRDA:7,0,0,1
BRDA:7,0,1,0
BRDA:13,1,0,0
BRDA:13,1,1,7
BRDA:25,2,0,1
BRDA:25,2,1,3
BRDA:30,3,0,0
BRDA:30,3,1,3
BRDA:30,4,0,3
BRDA:30,4,1,3
BRDA:33,5,0,3
BRDA:33,5,1,0
BRDA:34,6,0,0
BRDA:34,6,1,3
BRDA:34,7,0,3
BRDA:34,7,1,0
BRDA:41,8,0,3
BRDA:41,8,1,0
BRDA:42,9,0,1
BRDA:42,9,1,2
BRDA:42,10,0,3
BRDA:42,10,1,3
BRDA:43,11,0,1
BRDA:43,11,1,1
BRDA:44,12,0,1
BRDA:44,12,1,0
BRDA:51,13,0,1
BRDA:51,13,1,2
BRDA:58,14,0,1
BRDA:58,14,1,1
BRDA:67,15,0,1
BRDA:67,15,1,0
BRDA:72,16,0,0
BRDA:72,16,1,1
BRF:34
BRH:24
end_of_record
TN:
SF:src/signal.js
FN:15,(anonymous_0)
FN:26,(anonymous_1)
FN:38,(anonymous_2)
FN:45,(anonymous_3)
FN:51,(anonymous_4)
FNF:5
FNH:5
FNDA:2,(anonymous_0)
FNDA:9,(anonymous_1)
FNDA:3,(anonymous_2)
FNDA:8,(anonymous_3)
FNDA:9,(anonymous_4)
DA:3,1
DA:4,1
DA:5,1
DA:6,1
DA:7,1
DA:9,1
DA:15,1
DA:16,2
DA:17,2
DA:18,2
DA:19,2
DA:20,2
DA:21,23
DA:23,2
DA:26,1
DA:27,9
DA:28,9
DA:29,9
DA:30,9
DA:31,9
DA:32,9
DA:33,9
DA:34,9
DA:35,9
DA:38,1
DA:39,3
DA:40,3
DA:41,3
DA:42,3
DA:45,1
DA:46,8
DA:47,8
DA:48,8
DA:51,1
DA:52,9
DA:53,9
DA:54,9
DA:55,9
DA:56,9
DA:58,9
DA:60,9
DA:61,1
DA:63,8
DA:64,1
DA:67,7
DA:68,7
DA:70,6
DA:71,6
DA:73,5
DA:74,5
DA:76,4
DA:77,4
DA:78,4
DA:79,4
DA:81,3
DA:82,3
DA:83,3
DA:85,3
DA:86,3
DA:87,3
DA:88,3
DA:89,3
DA:92,3
DA:93,0
DA:96,3
DA:97,3
DA:98,2
DA:99,0
DA:102,2
DA:103,1
DA:106,1
DA:107,1
DA:108,1
DA:109,1
DA:110,1
DA:111,0
DA:115,1
DA:118,1
LF:78
LH:75
BRDA:10,0,0,1
BRDA:10,0,1,0
BRDA:16,1,0,0
BRDA:16,1,1,2
BRDA:27,2,0,9
BRDA:27,2,1,0
BRDA:28,3,0,9
BRDA:28,3,1,0
BRDA:35,4,0,9
BRDA:35,4,1,9
BRDA:39,5,0,3
BRDA:39,5,1,0
BRDA:40,6,0,3
BRDA:40,6,1,0
BRDA:41,7,0,0
BRDA:41,7,1,3
BRDA:52,8,0,9
BRDA:52,8,1,0
BRDA:53,9,0,9
BRDA:53,9,1,0
BRDA:54,10,0,9
BRDA:54,10,1,0
BRDA:55,11,0,9
BRDA:55,11,1,0
BRDA:58,12,0,0
BRDA:58,12,1,9
BRDA:60,13,0,1
BRDA:60,13,1,8
BRDA:63,14,0,1
BRDA:63,14,1,7
BRDA:67,15,0,7
BRDA:67,15,1,0
BRDA:68,16,0,1
BRDA:68,16,1,6
BRDA:70,17,0,6
BRDA:70,17,1,0
BRDA:71,18,0,1
BRDA:71,18,1,5
BRDA:74,19,0,1
BRDA:74,19,1,4
BRDA:76,20,0,4
BRDA:76,20,1,0
BRDA:77,21,0,4
BRDA:77,21,1,0
BRDA:79,22,0,1
BRDA:79,22,1,3
BRDA:82,23,0,0
BRDA:82,23,1,3
BRDA:83,24,0,0
BRDA:83,24,1,3
BRDA:86,25,0,3
BRDA:86,25,1,0
BRDA:87,26,0,3
BRDA:87,26,1,0
BRDA:88,27,0,0
BRDA:88,27,1,3
BRDA:89,28,0,0
BRDA:89,28,1,3
BRDA:92,29,0,0
BRDA:92,29,1,3
BRDA:97,30,0,1
BRDA:97,30,1,2
BRDA:98,31,0,0
BRDA:98,31,1,2
BRDA:98,32,0,2
BRDA:98,32,1,0
BRDA:102,33,0,1
BRDA:102,33,1,1
BRDA:107,34,0,1
BRDA:107,34,1,0
BRDA:110,35,0,0
BRDA:110,35,1,1
BRDA:110,36,0,1
BRDA:110,36,1,1
BRDA:110,36,2,1
BRF:75
BRH:48
end_of_record
